[2016.02.11-20.31.45:677][  0]Log file open, 02/11/16 21:31:45
[2016.02.11-20.31.45:677][  0]LogInit:Display: Running engine for game: My_VR_rolling_game
[2016.02.11-20.31.45:677][  0]LogPlatformFile: Not using cached read wrapper
[2016.02.11-20.31.45:677][  0]LogInit:Display: RandInit(-803833095) SRandInit(-803833094).
[2016.02.11-20.31.45:677][  0]LogTaskGraph: Started task graph with 4 named threads and 7 total threads.
[2016.02.11-20.31.45:677][  0]LogStats: Stats thread started at 0.082345
[2016.02.11-20.31.45:677][  0]LogInit: Version: 4.10.2-2818068+++depot+UE4-Releases+4.10
[2016.02.11-20.31.45:677][  0]LogInit: API Version: 2758231
[2016.02.11-20.31.45:677][  0]LogInit: Compiled (64-bit): Jan  6 2016 17:36:42
[2016.02.11-20.31.45:677][  0]LogInit: Compiled with Visual C++: 19.00.23026.00
[2016.02.11-20.31.45:678][  0]LogInit: Build Configuration: Development
[2016.02.11-20.31.45:678][  0]LogInit: Branch Name: ++depot+UE4-Releases+4.10
[2016.02.11-20.31.45:678][  0]LogInit: Command line: 
[2016.02.11-20.31.45:678][  0]LogInit: Base directory: C:/Program Files (x86)/Epic Games/4.10/Engine/Binaries/Win64/
[2016.02.11-20.31.45:678][  0]LogInit: Rocket: 1
[2016.02.11-20.31.45:685][  0]LogInit: Using libcurl 7.41.0
[2016.02.11-20.31.45:685][  0]LogInit:  - built for x86_64-pc-win32
[2016.02.11-20.31.45:685][  0]LogInit:  - supports SSL with WinSSL
[2016.02.11-20.31.45:685][  0]LogInit:  - other features:
[2016.02.11-20.31.45:685][  0]LogInit:      CURL_VERSION_SSL
[2016.02.11-20.31.45:685][  0]LogInit:      CURL_VERSION_IPV6
[2016.02.11-20.31.45:685][  0]LogInit:      CURL_VERSION_ASYNCHDNS
[2016.02.11-20.31.45:685][  0]LogInit:      CURL_VERSION_LARGEFILE
[2016.02.11-20.31.45:685][  0]LogInit:      CURL_VERSION_IDN
[2016.02.11-20.31.45:685][  0]LogInit:  CurlRequestOptions (configurable via config and command line):
[2016.02.11-20.31.45:685][  0]LogInit:  - bVerifyPeer = true  - Libcurl will verify peer certificate
[2016.02.11-20.31.45:685][  0]LogInit:  - bUseHttpProxy = false  - Libcurl will NOT use HTTP proxy
[2016.02.11-20.31.45:685][  0]LogInit:  - bDontReuseConnections = false  - Libcurl will reuse connections
[2016.02.11-20.31.45:685][  0]LogInit:  - CertBundlePath = nullptr  - Libcurl will use whatever was configured at build time.
[2016.02.11-20.31.45:693][  0]LogInit: Presizing for 0 objects not considered by GC, pre-allocating 0 bytes.
[2016.02.11-20.31.45:699][  0]LogInit: Object subsystem initialized
[2016.02.11-20.31.45:702][  0]LogInit: Selected Device Profile: [Windows]
[2016.02.11-20.31.45:702][  0]LogInit: Applying CVar settings loaded from the selected device profile: [Windows]
[2016.02.11-20.31.45:709][  0]LogInit: Computer: MSI
[2016.02.11-20.31.45:709][  0]LogInit: User: gaeta
[2016.02.11-20.31.45:709][  0]LogInit: CPU Page size=4096, Cores=4
[2016.02.11-20.31.45:709][  0]LogInit: High frequency timer resolution =2.249996 MHz
[2016.02.11-20.31.45:709][  0]LogMemory: Memory total: Physical=7.9GB (8GB approx)
[2016.02.11-20.31.45:709][  0]LogMemory: Platform Memory Stats for Windows
[2016.02.11-20.31.45:709][  0]LogMemory: Process Physical Memory: 55.93 MB used, 55.93 MB peak
[2016.02.11-20.31.45:709][  0]LogMemory: Process Virtual Memory: 56.95 MB used, 56.95 MB peak
[2016.02.11-20.31.45:709][  0]LogMemory: Physical Memory: 3938.55 MB used, 8103.01 MB total
[2016.02.11-20.31.45:709][  0]LogMemory: Virtual Memory: 381.48 MB used, 134217728.00 MB total
[2016.02.11-20.31.45:985][  0]LogTextLocalizationManager: No translations for ('fr-FR') exist, falling back to 'en' for localization and internationalization data.
[2016.02.11-20.31.46:457][  0]LogD3D11RHI: Found D3D11 adapter 0: NVIDIA GeForce GTX 970M              (Feature Level 11_0)
[2016.02.11-20.31.46:457][  0]LogD3D11RHI: Adapter has 2991MB of dedicated video memory, 0MB of dedicated system memory, and 4051MB of shared system memory, 1 output[s]
[2016.02.11-20.31.46:463][  0]LogD3D11RHI: Found D3D11 adapter 1: Intel(R) HD Graphics 530 (Feature Level 11_0)
[2016.02.11-20.31.46:463][  0]LogD3D11RHI: Adapter has 128MB of dedicated video memory, 0MB of dedicated system memory, and 4051MB of shared system memory, 0 output[s]
[2016.02.11-20.31.46:465][  0]LogD3D11RHI: Found D3D11 adapter 2: Microsoft Basic Render Driver (Feature Level 11_0)
[2016.02.11-20.31.46:465][  0]LogD3D11RHI: Adapter has 0MB of dedicated video memory, 0MB of dedicated system memory, and 4051MB of shared system memory, 0 output[s]
[2016.02.11-20.31.46:465][  0]LogD3D11RHI: Chosen D3D11 Adapter Id = 0
[2016.02.11-20.31.46:469][  0]LogD3D11RHI: !Direct3DDevice
[2016.02.11-20.31.46:469][  0]LogRHI: Texture pool is 1361 MB (70% of 1945 MB)
[2016.02.11-20.31.46:483][  0]LogD3D11RHI: Async texture creation enabled
[2016.02.11-20.31.46:503][  0]LogShaderCompilers: Guid format shader working directory is 6 characters bigger than the processId version (D:/Projets Epic Games/My_VR_rolling_game/Intermediate/Shaders/WorkingDirectory/1312/).
[2016.02.11-20.31.46:503][  0]LogShaderCompilers: Cleaned the shader compiler working directory 'C:/Users/gaeta/AppData/Local/Temp/UnrealShaderWorkingDir/CFF48ACC42F8999BC727748F08ADDE76/'.
[2016.02.11-20.31.46:503][  0]LogShaderCompilers:Display: Using Local Shader Compiler.
[2016.02.11-20.31.47:526][  0]LogTemp:Display: Loaded TP AllDesktopTargetPlatform
[2016.02.11-20.31.47:530][  0]LogTemp:Display: Loaded TP WindowsClientTargetPlatform
[2016.02.11-20.31.47:536][  0]LogTemp:Display: Loaded TP WindowsNoEditorTargetPlatform
[2016.02.11-20.31.47:542][  0]LogTemp:Display: Loaded TP WindowsServerTargetPlatform
[2016.02.11-20.31.47:548][  0]LogTemp:Display: Loaded TP WindowsTargetPlatform
[2016.02.11-20.31.47:552][  0]LogTemp:Display: Loaded TP AndroidTargetPlatform
[2016.02.11-20.31.47:555][  0]LogTemp:Display: Loaded TP Android_ASTCTargetPlatform
[2016.02.11-20.31.47:561][  0]LogTemp:Display: Loaded TP Android_ATCTargetPlatform
[2016.02.11-20.31.47:566][  0]LogTemp:Display: Loaded TP Android_DXTTargetPlatform
[2016.02.11-20.31.47:569][  0]LogTemp:Display: Loaded TP Android_ETC1TargetPlatform
[2016.02.11-20.31.47:573][  0]LogTemp:Display: Loaded TP Android_ETC2TargetPlatform
[2016.02.11-20.31.47:579][  0]LogTemp:Display: Loaded TP Android_MultiTargetPlatform
[2016.02.11-20.31.47:579][  0]LogTemp:Display: Loaded TP Android_PVRTCTargetPlatform
[2016.02.11-20.31.47:580][  0]LogTemp:Display: Loaded TP HTML5TargetPlatform
[2016.02.11-20.31.47:599][  0]LogTemp:Display: Loaded TP IOSTargetPlatform
[2016.02.11-20.31.47:603][  0]LogTemp:Display: Loaded TP LinuxNoEditorTargetPlatform
[2016.02.11-20.31.47:605][  0]LogTemp:Display: Loaded TP LinuxServerTargetPlatform
[2016.02.11-20.31.47:608][  0]LogTemp:Display: Loaded TP LinuxTargetPlatform
[2016.02.11-20.31.47:608][  0]LogTargetPlatformManager:Display: Building Assets For Windows
[2016.02.11-20.31.47:698][  0]LogDerivedDataCache:Display: Max Cache Size: 512 MB
[2016.02.11-20.31.47:755][  0]LogDerivedDataCache: Loaded boot cache 0.06s 41MB C:/Users/gaeta/AppData/Local/UnrealEngine/4.10/DerivedDataCache/Boot.ddc.
[2016.02.11-20.31.47:755][  0]LogDerivedDataCache:Display: Loaded Boot cache: C:/Users/gaeta/AppData/Local/UnrealEngine/4.10/DerivedDataCache/Boot.ddc
[2016.02.11-20.31.47:755][  0]LogDerivedDataCache: FDerivedDataBackendGraph:  Pak pak cache file D:/Projets Epic Games/My_VR_rolling_game/DerivedDataCache/DDC.ddp not found, will not use a pak cache.
[2016.02.11-20.31.47:755][  0]LogDerivedDataCache: Unable to find inner node Pak for hierarchical cache Hierarchy.
[2016.02.11-20.31.47:755][  0]LogDerivedDataCache: FDerivedDataBackendGraph:  CompressedPak pak cache file D:/Projets Epic Games/My_VR_rolling_game/DerivedDataCache/Compressed.ddp not found, will not use a pak cache.
[2016.02.11-20.31.47:755][  0]LogDerivedDataCache: Unable to find inner node CompressedPak for hierarchical cache Hierarchy.
[2016.02.11-20.31.47:813][  0]LogDerivedDataCache:Display: Pak cache opened for reading ../../../Engine/DerivedDataCache/Compressed.ddp.
[2016.02.11-20.31.47:826][  0]LogDerivedDataCache: Using Local data cache path C:/Users/gaeta/AppData/Local/UnrealEngine/Common/DerivedDataCache: Writable
[2016.02.11-20.31.48:132][  0]LogInit: Selected Device Profile: [Windows]
[2016.02.11-20.31.48:135][  0]LogContentStreaming: Texture pool size is 0.000000MB
[2016.02.11-20.31.48:255][  0]LogMeshUtilities: No automatic mesh reduction module available
[2016.02.11-20.31.48:255][  0]LogMeshUtilities: No automatic mesh merging module available
[2016.02.11-20.31.48:511][  0]LogInit: WinSock: version 1.1 (2.2), MaxSocks=32767, MaxUdp=65467
[2016.02.11-20.31.49:380][  0]UdpMessaging: Initializing bridge on interface 0.0.0.0:0 to multicast group 230.0.0.1:6666.
[2016.02.11-20.31.49:598][  0]LogAssetRegistry: FAssetRegistry took 0.0109 seconds to start up
[2016.02.11-20.31.49:763][  0]SourceControl: Info Source control is disabled
[2016.02.11-20.31.49:763][  0]SourceControl: Info Source control is disabled
[2016.02.11-20.31.49:776][  0]SourceControl: Info Source control is disabled
[2016.02.11-20.31.49:789][  0]SourceControl: Info Source control is disabled
[2016.02.11-20.31.50:073][  0]LogObj: 28633 objects as part of root set at end of initial load.
[2016.02.11-20.31.50:073][  0]LogUObjectAllocator: 6099744 out of 0 bytes used by permanent object pool.
[2016.02.11-20.31.50:130][  0]LogEngine: Initializing Engine...
[2016.02.11-20.31.50:133][  0]LogHMD: Can't find Oculus library dev build: is proper Runtime installed? Version: 0.8.0.0
[2016.02.11-20.31.50:134][  0]LogHMD: SteamVR failed to initialize.  Err: 110
[2016.02.11-20.31.50:266][  0]LogAIModule: Creating AISystem for world NewWorld
[2016.02.11-20.31.50:272][  0]LogInit: XAudio2 using 'Speakers (Realtek High Definition Audio)' : 8 channels at 48 kHz using 32 bits per sample (channel mask 0x63f)
[2016.02.11-20.31.50:446][  0]LogInit: FAudioDevice initialized.
[2016.02.11-20.31.50:477][  0]LogDerivedDataCache: Saved boot cache 0.03s 41MB C:/Users/gaeta/AppData/Local/UnrealEngine/4.10/DerivedDataCache/Boot.ddc.
[2016.02.11-20.31.50:480][  0]LogInit: Texture streaming: Enabled
[2016.02.11-20.31.50:486][  0]LogAnalytics: Creating configured Analytics provider AnalyticsET
[2016.02.11-20.31.50:486][  0]LogAnalytics: [UEEditor.Rocket.Release] APIServer = http://et2.epicgames.com/ET2/. AppVersion = 4.10.2-2818068+++depot+UE4-Releases+4.10
[2016.02.11-20.31.50:486][  0]LogAnalytics: [UEEditor.Rocket.Release] SetUserId 5824a9d04ecbd323e3f0c39cfb593fcd|eb5dbb5842f240dfb26ca00ffdb25f06|58780a0d-5bf3-4c6c-b8af-9083389f3bc9
[2016.02.11-20.31.50:486][  0]LogAnalytics: [UEEditor.Rocket.Release] AnalyticsET::StartSession
[2016.02.11-20.31.50:497][  0]LogInit: Transaction tracking system initialized
[2016.02.11-20.31.50:534][  0]BlueprintLog: New page: Editor Load
[2016.02.11-20.31.50:963][  0]LocalizationService: Info Localization service is disabled
[2016.02.11-20.31.51:128][  0]LogConsoleResponse:Display: 
[2016.02.11-20.31.51:243][  0]LogCook:Display: Done creating registry. It took  0.00s.
[2016.02.11-20.31.51:312][  0]LogFileCache: Scanning file cache for directory 'D:/Projets Epic Games/My_VR_rolling_game/Content/' took 0.01s
[2016.02.11-20.31.51:312][  0]SourceControl: Info Source control is disabled
[2016.02.11-20.31.51:322][  0]LogFactory: FactoryCreateBinary: PackFactory with PackFactory (0 0 C:/Program Files (x86)/Epic Games/4.10/FeaturePacks/StarterContent.upack)
[2016.02.11-20.31.51:581][  0]LogPackFactory: Finished extracting 8 files (including 0 errors).
[2016.02.11-20.31.51:644][  0]LogPackFactory: Copied "../../../Samples/StarterContent/Content/StarterContent/Architecture/Floor_400x400.uasset" to "D:/Projets Epic Games/My_VR_rolling_game/Content/StarterContent/Architecture/Floor_400x400.uasset"
[2016.02.11-20.31.51:675][  0]LogPackFactory: Copied "../../../Samples/StarterContent/Content/StarterContent/Architecture/Pillar_50x500.uasset" to "D:/Projets Epic Games/My_VR_rolling_game/Content/StarterContent/Architecture/Pillar_50x500.uasset"
[2016.02.11-20.31.51:752][  0]LogPackFactory: Copied "../../../Samples/StarterContent/Content/StarterContent/Architecture/SM_AssetPlatform.uasset" to "D:/Projets Epic Games/My_VR_rolling_game/Content/StarterContent/Architecture/SM_AssetPlatform.uasset"
[2016.02.11-20.31.51:774][  0]LogPackFactory: Copied "../../../Samples/StarterContent/Content/StarterContent/Architecture/Wall_400x200.uasset" to "D:/Projets Epic Games/My_VR_rolling_game/Content/StarterContent/Architecture/Wall_400x200.uasset"
[2016.02.11-20.31.51:799][  0]LogPackFactory: Copied "../../../Samples/StarterContent/Content/StarterContent/Architecture/Wall_400x300.uasset" to "D:/Projets Epic Games/My_VR_rolling_game/Content/StarterContent/Architecture/Wall_400x300.uasset"
[2016.02.11-20.31.51:818][  0]LogPackFactory: Copied "../../../Samples/StarterContent/Content/StarterContent/Architecture/Wall_400x400.uasset" to "D:/Projets Epic Games/My_VR_rolling_game/Content/StarterContent/Architecture/Wall_400x400.uasset"
[2016.02.11-20.31.51:824][  0]LogPackFactory: Copied "../../../Samples/StarterContent/Content/StarterContent/Architecture/Wall_500x500.uasset" to "D:/Projets Epic Games/My_VR_rolling_game/Content/StarterContent/Architecture/Wall_500x500.uasset"
[2016.02.11-20.31.51:847][  0]LogPackFactory: Copied "../../../Samples/StarterContent/Content/StarterContent/Architecture/Wall_Door_400x300.uasset" to "D:/Projets Epic Games/My_VR_rolling_game/Content/StarterContent/Architecture/Wall_Door_400x300.uasset"
[2016.02.11-20.31.51:887][  0]LogPackFactory: Copied "../../../Samples/StarterContent/Content/StarterContent/Architecture/Wall_Door_400x400.uasset" to "D:/Projets Epic Games/My_VR_rolling_game/Content/StarterContent/Architecture/Wall_Door_400x400.uasset"
[2016.02.11-20.31.51:895][  0]LogPackFactory: Copied "../../../Samples/StarterContent/Content/StarterContent/Architecture/Wall_Window_400x300.uasset" to "D:/Projets Epic Games/My_VR_rolling_game/Content/StarterContent/Architecture/Wall_Window_400x300.uasset"
[2016.02.11-20.31.51:912][  0]LogPackFactory: Copied "../../../Samples/StarterContent/Content/StarterContent/Architecture/Wall_Window_400x400.uasset" to "D:/Projets Epic Games/My_VR_rolling_game/Content/StarterContent/Architecture/Wall_Window_400x400.uasset"
[2016.02.11-20.31.52:030][  0]LogPackFactory: Copied "../../../Samples/StarterContent/Content/StarterContent/Audio/Collapse01.uasset" to "D:/Projets Epic Games/My_VR_rolling_game/Content/StarterContent/Audio/Collapse01.uasset"
[2016.02.11-20.31.52:104][  0]LogPackFactory: Copied "../../../Samples/StarterContent/Content/StarterContent/Audio/Collapse02.uasset" to "D:/Projets Epic Games/My_VR_rolling_game/Content/StarterContent/Audio/Collapse02.uasset"
[2016.02.11-20.31.52:138][  0]LogPackFactory: Copied "../../../Samples/StarterContent/Content/StarterContent/Audio/Collapse_Cue.uasset" to "D:/Projets Epic Games/My_VR_rolling_game/Content/StarterContent/Audio/Collapse_Cue.uasset"
[2016.02.11-20.31.52:177][  0]LogPackFactory: Copied "../../../Samples/StarterContent/Content/StarterContent/Audio/Explosion01.uasset" to "D:/Projets Epic Games/My_VR_rolling_game/Content/StarterContent/Audio/Explosion01.uasset"
[2016.02.11-20.31.52:340][  0]LogPackFactory: Copied "../../../Samples/StarterContent/Content/StarterContent/Audio/Explosion02.uasset" to "D:/Projets Epic Games/My_VR_rolling_game/Content/StarterContent/Audio/Explosion02.uasset"
[2016.02.11-20.31.52:370][  0]LogPackFactory: Copied "../../../Samples/StarterContent/Content/StarterContent/Audio/Explosion_Cue.uasset" to "D:/Projets Epic Games/My_VR_rolling_game/Content/StarterContent/Audio/Explosion_Cue.uasset"
[2016.02.11-20.31.52:387][  0]LogPackFactory: Copied "../../../Samples/StarterContent/Content/StarterContent/Audio/Fire01.uasset" to "D:/Projets Epic Games/My_VR_rolling_game/Content/StarterContent/Audio/Fire01.uasset"
[2016.02.11-20.31.52:400][  0]LogPackFactory: Copied "../../../Samples/StarterContent/Content/StarterContent/Audio/Fire01_Cue.uasset" to "D:/Projets Epic Games/My_VR_rolling_game/Content/StarterContent/Audio/Fire01_Cue.uasset"
[2016.02.11-20.31.52:441][  0]LogPackFactory: Copied "../../../Samples/StarterContent/Content/StarterContent/Audio/Fire_Sparks01.uasset" to "D:/Projets Epic Games/My_VR_rolling_game/Content/StarterContent/Audio/Fire_Sparks01.uasset"
[2016.02.11-20.31.52:443][  0]LogPackFactory: Copied "../../../Samples/StarterContent/Content/StarterContent/Audio/Fire_Sparks01_Cue.uasset" to "D:/Projets Epic Games/My_VR_rolling_game/Content/StarterContent/Audio/Fire_Sparks01_Cue.uasset"
[2016.02.11-20.31.52:499][  0]LogPackFactory: Copied "../../../Samples/StarterContent/Content/StarterContent/Audio/Light01.uasset" to "D:/Projets Epic Games/My_VR_rolling_game/Content/StarterContent/Audio/Light01.uasset"
[2016.02.11-20.31.52:521][  0]LogPackFactory: Copied "../../../Samples/StarterContent/Content/StarterContent/Audio/Light01_Cue.uasset" to "D:/Projets Epic Games/My_VR_rolling_game/Content/StarterContent/Audio/Light01_Cue.uasset"
[2016.02.11-20.31.52:536][  0]LogPackFactory: Copied "../../../Samples/StarterContent/Content/StarterContent/Audio/Light02.uasset" to "D:/Projets Epic Games/My_VR_rolling_game/Content/StarterContent/Audio/Light02.uasset"
[2016.02.11-20.31.52:555][  0]LogPackFactory: Copied "../../../Samples/StarterContent/Content/StarterContent/Audio/Light02_Cue.uasset" to "D:/Projets Epic Games/My_VR_rolling_game/Content/StarterContent/Audio/Light02_Cue.uasset"
[2016.02.11-20.31.52:604][  0]LogPackFactory: Copied "../../../Samples/StarterContent/Content/StarterContent/Audio/Smoke01.uasset" to "D:/Projets Epic Games/My_VR_rolling_game/Content/StarterContent/Audio/Smoke01.uasset"
[2016.02.11-20.31.52:619][  0]LogPackFactory: Copied "../../../Samples/StarterContent/Content/StarterContent/Audio/Smoke01_Cue.uasset" to "D:/Projets Epic Games/My_VR_rolling_game/Content/StarterContent/Audio/Smoke01_Cue.uasset"
[2016.02.11-20.31.52:638][  0]LogPackFactory: Copied "../../../Samples/StarterContent/Content/StarterContent/Audio/Starter_Background_Cue.uasset" to "D:/Projets Epic Games/My_VR_rolling_game/Content/StarterContent/Audio/Starter_Background_Cue.uasset"
[2016.02.11-20.31.52:897][  0]LogPackFactory: Copied "../../../Samples/StarterContent/Content/StarterContent/Audio/Starter_Birds01.uasset" to "D:/Projets Epic Games/My_VR_rolling_game/Content/StarterContent/Audio/Starter_Birds01.uasset"
[2016.02.11-20.31.53:469][  0]LogPackFactory: Copied "../../../Samples/StarterContent/Content/StarterContent/Audio/Starter_Music01.uasset" to "D:/Projets Epic Games/My_VR_rolling_game/Content/StarterContent/Audio/Starter_Music01.uasset"
[2016.02.11-20.31.53:489][  0]LogPackFactory: Copied "../../../Samples/StarterContent/Content/StarterContent/Audio/Starter_Music_Cue.uasset" to "D:/Projets Epic Games/My_VR_rolling_game/Content/StarterContent/Audio/Starter_Music_Cue.uasset"
[2016.02.11-20.31.53:862][  0]LogPackFactory: Copied "../../../Samples/StarterContent/Content/StarterContent/Audio/Starter_Wind05.uasset" to "D:/Projets Epic Games/My_VR_rolling_game/Content/StarterContent/Audio/Starter_Wind05.uasset"
[2016.02.11-20.31.54:175][  0]LogPackFactory: Copied "../../../Samples/StarterContent/Content/StarterContent/Audio/Starter_Wind06.uasset" to "D:/Projets Epic Games/My_VR_rolling_game/Content/StarterContent/Audio/Starter_Wind06.uasset"
[2016.02.11-20.31.54:234][  0]LogPackFactory: Copied "../../../Samples/StarterContent/Content/StarterContent/Audio/Steam01.uasset" to "D:/Projets Epic Games/My_VR_rolling_game/Content/StarterContent/Audio/Steam01.uasset"
[2016.02.11-20.31.54:263][  0]LogPackFactory: Copied "../../../Samples/StarterContent/Content/StarterContent/Audio/Steam01_Cue.uasset" to "D:/Projets Epic Games/My_VR_rolling_game/Content/StarterContent/Audio/Steam01_Cue.uasset"
[2016.02.11-20.31.54:327][  0]LogPackFactory: Copied "../../../Samples/StarterContent/Content/StarterContent/Blueprints/Blueprint_CeilingLight.uasset" to "D:/Projets Epic Games/My_VR_rolling_game/Content/StarterContent/Blueprints/Blueprint_CeilingLight.uasset"
[2016.02.11-20.31.54:347][  0]LogPackFactory: Copied "../../../Samples/StarterContent/Content/StarterContent/Blueprints/Blueprint_Effect_Explosion.uasset" to "D:/Projets Epic Games/My_VR_rolling_game/Content/StarterContent/Blueprints/Blueprint_Effect_Explosion.uasset"
[2016.02.11-20.31.54:377][  0]LogPackFactory: Copied "../../../Samples/StarterContent/Content/StarterContent/Blueprints/Blueprint_Effect_Fire.uasset" to "D:/Projets Epic Games/My_VR_rolling_game/Content/StarterContent/Blueprints/Blueprint_Effect_Fire.uasset"
[2016.02.11-20.31.54:401][  0]LogPackFactory: Copied "../../../Samples/StarterContent/Content/StarterContent/Blueprints/Blueprint_Effect_Smoke.uasset" to "D:/Projets Epic Games/My_VR_rolling_game/Content/StarterContent/Blueprints/Blueprint_Effect_Smoke.uasset"
[2016.02.11-20.31.54:426][  0]LogPackFactory: Copied "../../../Samples/StarterContent/Content/StarterContent/Blueprints/Blueprint_Effect_Sparks.uasset" to "D:/Projets Epic Games/My_VR_rolling_game/Content/StarterContent/Blueprints/Blueprint_Effect_Sparks.uasset"
[2016.02.11-20.31.54:436][  0]LogPackFactory: Copied "../../../Samples/StarterContent/Content/StarterContent/Blueprints/Blueprint_Effect_Steam.uasset" to "D:/Projets Epic Games/My_VR_rolling_game/Content/StarterContent/Blueprints/Blueprint_Effect_Steam.uasset"
[2016.02.11-20.31.54:454][  0]LogPackFactory: Copied "../../../Samples/StarterContent/Content/StarterContent/Blueprints/Blueprint_WallSconce.uasset" to "D:/Projets Epic Games/My_VR_rolling_game/Content/StarterContent/Blueprints/Blueprint_WallSconce.uasset"
[2016.02.11-20.31.54:530][  0]LogPackFactory: Copied "../../../Samples/StarterContent/Content/StarterContent/Blueprints/BP_LightStudio.uasset" to "D:/Projets Epic Games/My_VR_rolling_game/Content/StarterContent/Blueprints/BP_LightStudio.uasset"
[2016.02.11-20.31.54:576][  0]LogPackFactory: Copied "../../../Samples/StarterContent/Content/StarterContent/Blueprints/Assets/FogBrightnessLUT.uasset" to "D:/Projets Epic Games/My_VR_rolling_game/Content/StarterContent/Blueprints/Assets/FogBrightnessLUT.uasset"
[2016.02.11-20.31.54:600][  0]LogPackFactory: Copied "../../../Samples/StarterContent/Content/StarterContent/Blueprints/Assets/M_LightStage_Arrows.uasset" to "D:/Projets Epic Games/My_VR_rolling_game/Content/StarterContent/Blueprints/Assets/M_LightStage_Arrows.uasset"
[2016.02.11-20.31.54:623][  0]LogPackFactory: Copied "../../../Samples/StarterContent/Content/StarterContent/Blueprints/Assets/M_LightStage_Skybox_Black.uasset" to "D:/Projets Epic Games/My_VR_rolling_game/Content/StarterContent/Blueprints/Assets/M_LightStage_Skybox_Black.uasset"
[2016.02.11-20.31.54:658][  0]LogPackFactory: Copied "../../../Samples/StarterContent/Content/StarterContent/Blueprints/Assets/M_LightStage_Skybox_HDRI.uasset" to "D:/Projets Epic Games/My_VR_rolling_game/Content/StarterContent/Blueprints/Assets/M_LightStage_Skybox_HDRI.uasset"
[2016.02.11-20.31.54:670][  0]LogPackFactory: Copied "../../../Samples/StarterContent/Content/StarterContent/Blueprints/Assets/M_LightStage_Skybox_Master.uasset" to "D:/Projets Epic Games/My_VR_rolling_game/Content/StarterContent/Blueprints/Assets/M_LightStage_Skybox_Master.uasset"
[2016.02.11-20.31.54:705][  0]LogPackFactory: Copied "../../../Samples/StarterContent/Content/StarterContent/Blueprints/Assets/Skybox.uasset" to "D:/Projets Epic Games/My_VR_rolling_game/Content/StarterContent/Blueprints/Assets/Skybox.uasset"
[2016.02.11-20.31.55:018][  0]LogPackFactory: Copied "../../../Samples/StarterContent/Content/StarterContent/Blueprints/Assets/SM_Arrows.uasset" to "D:/Projets Epic Games/My_VR_rolling_game/Content/StarterContent/Blueprints/Assets/SM_Arrows.uasset"
[2016.02.11-20.31.55:020][  0]LogPackFactory: Copied "../../../Samples/StarterContent/Content/StarterContent/Blueprints/Assets/SunlightColorLUT.uasset" to "D:/Projets Epic Games/My_VR_rolling_game/Content/StarterContent/Blueprints/Assets/SunlightColorLUT.uasset"
[2016.02.11-20.31.57:723][  0]LogPackFactory: Copied "../../../Samples/StarterContent/Content/StarterContent/HDRI/HDRI_Epic_Courtyard_Daylight.uasset" to "D:/Projets Epic Games/My_VR_rolling_game/Content/StarterContent/HDRI/HDRI_Epic_Courtyard_Daylight.uasset"
[2016.02.11-20.31.58:165][  0]LogPackFactory: Copied "../../../Samples/StarterContent/Content/StarterContent/Maps/Advanced_Lighting.umap" to "D:/Projets Epic Games/My_VR_rolling_game/Content/StarterContent/Maps/Advanced_Lighting.umap"
[2016.02.11-20.31.58:271][  0]LogPackFactory: Copied "../../../Samples/StarterContent/Content/StarterContent/Maps/Minimal_Default.umap" to "D:/Projets Epic Games/My_VR_rolling_game/Content/StarterContent/Maps/Minimal_Default.umap"
[2016.02.11-20.31.59:183][  0]LogPackFactory: Copied "../../../Samples/StarterContent/Content/StarterContent/Maps/StarterMap.umap" to "D:/Projets Epic Games/My_VR_rolling_game/Content/StarterContent/Maps/StarterMap.umap"
[2016.02.11-20.31.59:373][  0]LogPackFactory: Copied "../../../Samples/StarterContent/Content/StarterContent/Materials/M_AssetPlatform.uasset" to "D:/Projets Epic Games/My_VR_rolling_game/Content/StarterContent/Materials/M_AssetPlatform.uasset"
[2016.02.11-20.31.59:393][  0]LogPackFactory: Copied "../../../Samples/StarterContent/Content/StarterContent/Materials/M_Basic_Floor.uasset" to "D:/Projets Epic Games/My_VR_rolling_game/Content/StarterContent/Materials/M_Basic_Floor.uasset"
[2016.02.11-20.31.59:427][  0]LogPackFactory: Copied "../../../Samples/StarterContent/Content/StarterContent/Materials/M_Basic_Wall.uasset" to "D:/Projets Epic Games/My_VR_rolling_game/Content/StarterContent/Materials/M_Basic_Wall.uasset"
[2016.02.11-20.31.59:461][  0]LogPackFactory: Copied "../../../Samples/StarterContent/Content/StarterContent/Materials/M_Brick_Clay_Beveled.uasset" to "D:/Projets Epic Games/My_VR_rolling_game/Content/StarterContent/Materials/M_Brick_Clay_Beveled.uasset"
[2016.02.11-20.31.59:480][  0]LogPackFactory: Copied "../../../Samples/StarterContent/Content/StarterContent/Materials/M_Brick_Clay_New.uasset" to "D:/Projets Epic Games/My_VR_rolling_game/Content/StarterContent/Materials/M_Brick_Clay_New.uasset"
[2016.02.11-20.31.59:513][  0]LogPackFactory: Copied "../../../Samples/StarterContent/Content/StarterContent/Materials/M_Brick_Clay_Old.uasset" to "D:/Projets Epic Games/My_VR_rolling_game/Content/StarterContent/Materials/M_Brick_Clay_Old.uasset"
[2016.02.11-20.31.59:515][  0]LogPackFactory: Copied "../../../Samples/StarterContent/Content/StarterContent/Materials/M_Brick_Cut_Stone.uasset" to "D:/Projets Epic Games/My_VR_rolling_game/Content/StarterContent/Materials/M_Brick_Cut_Stone.uasset"
[2016.02.11-20.31.59:536][  0]LogPackFactory: Copied "../../../Samples/StarterContent/Content/StarterContent/Materials/M_Brick_Hewn_Stone.uasset" to "D:/Projets Epic Games/My_VR_rolling_game/Content/StarterContent/Materials/M_Brick_Hewn_Stone.uasset"
[2016.02.11-20.31.59:547][  0]LogPackFactory: Copied "../../../Samples/StarterContent/Content/StarterContent/Materials/M_Ceramic_Tile_Checker.uasset" to "D:/Projets Epic Games/My_VR_rolling_game/Content/StarterContent/Materials/M_Ceramic_Tile_Checker.uasset"
[2016.02.11-20.31.59:565][  0]LogPackFactory: Copied "../../../Samples/StarterContent/Content/StarterContent/Materials/M_CobbleStone_Pebble.uasset" to "D:/Projets Epic Games/My_VR_rolling_game/Content/StarterContent/Materials/M_CobbleStone_Pebble.uasset"
[2016.02.11-20.31.59:584][  0]LogPackFactory: Copied "../../../Samples/StarterContent/Content/StarterContent/Materials/M_CobbleStone_Rough.uasset" to "D:/Projets Epic Games/My_VR_rolling_game/Content/StarterContent/Materials/M_CobbleStone_Rough.uasset"
[2016.02.11-20.31.59:615][  0]LogPackFactory: Copied "../../../Samples/StarterContent/Content/StarterContent/Materials/M_CobbleStone_Smooth.uasset" to "D:/Projets Epic Games/My_VR_rolling_game/Content/StarterContent/Materials/M_CobbleStone_Smooth.uasset"
[2016.02.11-20.31.59:628][  0]LogPackFactory: Copied "../../../Samples/StarterContent/Content/StarterContent/Materials/M_ColorGrid_LowSpec.uasset" to "D:/Projets Epic Games/My_VR_rolling_game/Content/StarterContent/Materials/M_ColorGrid_LowSpec.uasset"
[2016.02.11-20.31.59:630][  0]LogPackFactory: Copied "../../../Samples/StarterContent/Content/StarterContent/Materials/M_Concrete_Grime.uasset" to "D:/Projets Epic Games/My_VR_rolling_game/Content/StarterContent/Materials/M_Concrete_Grime.uasset"
[2016.02.11-20.31.59:657][  0]LogPackFactory: Copied "../../../Samples/StarterContent/Content/StarterContent/Materials/M_Concrete_Panels.uasset" to "D:/Projets Epic Games/My_VR_rolling_game/Content/StarterContent/Materials/M_Concrete_Panels.uasset"
[2016.02.11-20.31.59:679][  0]LogPackFactory: Copied "../../../Samples/StarterContent/Content/StarterContent/Materials/M_Concrete_Poured.uasset" to "D:/Projets Epic Games/My_VR_rolling_game/Content/StarterContent/Materials/M_Concrete_Poured.uasset"
[2016.02.11-20.31.59:708][  0]LogPackFactory: Copied "../../../Samples/StarterContent/Content/StarterContent/Materials/M_Concrete_Tiles.uasset" to "D:/Projets Epic Games/My_VR_rolling_game/Content/StarterContent/Materials/M_Concrete_Tiles.uasset"
[2016.02.11-20.31.59:732][  0]LogPackFactory: Copied "../../../Samples/StarterContent/Content/StarterContent/Materials/M_Glass.uasset" to "D:/Projets Epic Games/My_VR_rolling_game/Content/StarterContent/Materials/M_Glass.uasset"
[2016.02.11-20.31.59:734][  0]LogPackFactory: Copied "../../../Samples/StarterContent/Content/StarterContent/Materials/M_Ground_Grass.uasset" to "D:/Projets Epic Games/My_VR_rolling_game/Content/StarterContent/Materials/M_Ground_Grass.uasset"
[2016.02.11-20.31.59:769][  0]LogPackFactory: Copied "../../../Samples/StarterContent/Content/StarterContent/Materials/M_Ground_Gravel.uasset" to "D:/Projets Epic Games/My_VR_rolling_game/Content/StarterContent/Materials/M_Ground_Gravel.uasset"
[2016.02.11-20.31.59:796][  0]LogPackFactory: Copied "../../../Samples/StarterContent/Content/StarterContent/Materials/M_Ground_Moss.uasset" to "D:/Projets Epic Games/My_VR_rolling_game/Content/StarterContent/Materials/M_Ground_Moss.uasset"
[2016.02.11-20.31.59:806][  0]LogPackFactory: Copied "../../../Samples/StarterContent/Content/StarterContent/Materials/M_Metal_Brushed_Nickel.uasset" to "D:/Projets Epic Games/My_VR_rolling_game/Content/StarterContent/Materials/M_Metal_Brushed_Nickel.uasset"
[2016.02.11-20.31.59:808][  0]LogPackFactory: Copied "../../../Samples/StarterContent/Content/StarterContent/Materials/M_Metal_Burnished_Steel.uasset" to "D:/Projets Epic Games/My_VR_rolling_game/Content/StarterContent/Materials/M_Metal_Burnished_Steel.uasset"
[2016.02.11-20.31.59:829][  0]LogPackFactory: Copied "../../../Samples/StarterContent/Content/StarterContent/Materials/M_Metal_Chrome.uasset" to "D:/Projets Epic Games/My_VR_rolling_game/Content/StarterContent/Materials/M_Metal_Chrome.uasset"
[2016.02.11-20.31.59:852][  0]LogPackFactory: Copied "../../../Samples/StarterContent/Content/StarterContent/Materials/M_Metal_Copper.uasset" to "D:/Projets Epic Games/My_VR_rolling_game/Content/StarterContent/Materials/M_Metal_Copper.uasset"
[2016.02.11-20.31.59:863][  0]LogPackFactory: Copied "../../../Samples/StarterContent/Content/StarterContent/Materials/M_Metal_Gold.uasset" to "D:/Projets Epic Games/My_VR_rolling_game/Content/StarterContent/Materials/M_Metal_Gold.uasset"
[2016.02.11-20.31.59:900][  0]LogPackFactory: Copied "../../../Samples/StarterContent/Content/StarterContent/Materials/M_Metal_Rust.uasset" to "D:/Projets Epic Games/My_VR_rolling_game/Content/StarterContent/Materials/M_Metal_Rust.uasset"
[2016.02.11-20.31.59:909][  0]LogPackFactory: Copied "../../../Samples/StarterContent/Content/StarterContent/Materials/M_Metal_Steel.uasset" to "D:/Projets Epic Games/My_VR_rolling_game/Content/StarterContent/Materials/M_Metal_Steel.uasset"
[2016.02.11-20.31.59:962][  0]LogPackFactory: Copied "../../../Samples/StarterContent/Content/StarterContent/Materials/M_Rock_Basalt.uasset" to "D:/Projets Epic Games/My_VR_rolling_game/Content/StarterContent/Materials/M_Rock_Basalt.uasset"
[2016.02.11-20.31.59:990][  0]LogPackFactory: Copied "../../../Samples/StarterContent/Content/StarterContent/Materials/M_Rock_Marble_Polished.uasset" to "D:/Projets Epic Games/My_VR_rolling_game/Content/StarterContent/Materials/M_Rock_Marble_Polished.uasset"
[2016.02.11-20.32.00:015][  0]LogPackFactory: Copied "../../../Samples/StarterContent/Content/StarterContent/Materials/M_Rock_Sandstone.uasset" to "D:/Projets Epic Games/My_VR_rolling_game/Content/StarterContent/Materials/M_Rock_Sandstone.uasset"
[2016.02.11-20.32.00:048][  0]LogPackFactory: Copied "../../../Samples/StarterContent/Content/StarterContent/Materials/M_Rock_Slate.uasset" to "D:/Projets Epic Games/My_VR_rolling_game/Content/StarterContent/Materials/M_Rock_Slate.uasset"
[2016.02.11-20.32.00:129][  0]LogPackFactory: Copied "../../../Samples/StarterContent/Content/StarterContent/Materials/M_Tech_Checker_Dot.uasset" to "D:/Projets Epic Games/My_VR_rolling_game/Content/StarterContent/Materials/M_Tech_Checker_Dot.uasset"
[2016.02.11-20.32.00:174][  0]LogPackFactory: Copied "../../../Samples/StarterContent/Content/StarterContent/Materials/M_Tech_Hex_Tile.uasset" to "D:/Projets Epic Games/My_VR_rolling_game/Content/StarterContent/Materials/M_Tech_Hex_Tile.uasset"
[2016.02.11-20.32.00:335][  0]LogPackFactory: Copied "../../../Samples/StarterContent/Content/StarterContent/Materials/M_Tech_Hex_Tile_Pulse.uasset" to "D:/Projets Epic Games/My_VR_rolling_game/Content/StarterContent/Materials/M_Tech_Hex_Tile_Pulse.uasset"
[2016.02.11-20.32.00:664][  0]LogPackFactory: Copied "../../../Samples/StarterContent/Content/StarterContent/Materials/M_Tech_Panel.uasset" to "D:/Projets Epic Games/My_VR_rolling_game/Content/StarterContent/Materials/M_Tech_Panel.uasset"
[2016.02.11-20.32.00:853][  0]LogPackFactory: Copied "../../../Samples/StarterContent/Content/StarterContent/Materials/M_Water_Lake.uasset" to "D:/Projets Epic Games/My_VR_rolling_game/Content/StarterContent/Materials/M_Water_Lake.uasset"
[2016.02.11-20.32.00:872][  0]LogPackFactory: Copied "../../../Samples/StarterContent/Content/StarterContent/Materials/M_Water_Ocean.uasset" to "D:/Projets Epic Games/My_VR_rolling_game/Content/StarterContent/Materials/M_Water_Ocean.uasset"
[2016.02.11-20.32.00:891][  0]LogPackFactory: Copied "../../../Samples/StarterContent/Content/StarterContent/Materials/M_Wood_Floor_Walnut_Polished.uasset" to "D:/Projets Epic Games/My_VR_rolling_game/Content/StarterContent/Materials/M_Wood_Floor_Walnut_Polished.uasset"
[2016.02.11-20.32.01:082][  0]LogPackFactory: Copied "../../../Samples/StarterContent/Content/StarterContent/Materials/M_Wood_Floor_Walnut_Worn.uasset" to "D:/Projets Epic Games/My_VR_rolling_game/Content/StarterContent/Materials/M_Wood_Floor_Walnut_Worn.uasset"
[2016.02.11-20.32.01:190][  0]LogPackFactory: Copied "../../../Samples/StarterContent/Content/StarterContent/Materials/M_Wood_Oak.uasset" to "D:/Projets Epic Games/My_VR_rolling_game/Content/StarterContent/Materials/M_Wood_Oak.uasset"
[2016.02.11-20.32.01:326][  0]LogPackFactory: Copied "../../../Samples/StarterContent/Content/StarterContent/Materials/M_Wood_Pine.uasset" to "D:/Projets Epic Games/My_VR_rolling_game/Content/StarterContent/Materials/M_Wood_Pine.uasset"
[2016.02.11-20.32.01:362][  0]LogPackFactory: Copied "../../../Samples/StarterContent/Content/StarterContent/Materials/M_Wood_Walnut.uasset" to "D:/Projets Epic Games/My_VR_rolling_game/Content/StarterContent/Materials/M_Wood_Walnut.uasset"
[2016.02.11-20.32.01:442][  0]LogPackFactory: Copied "../../../Samples/StarterContent/Content/StarterContent/Particles/P_Ambient_Dust.uasset" to "D:/Projets Epic Games/My_VR_rolling_game/Content/StarterContent/Particles/P_Ambient_Dust.uasset"
[2016.02.11-20.32.01:526][  0]LogPackFactory: Copied "../../../Samples/StarterContent/Content/StarterContent/Particles/P_Explosion.uasset" to "D:/Projets Epic Games/My_VR_rolling_game/Content/StarterContent/Particles/P_Explosion.uasset"
[2016.02.11-20.32.01:573][  0]LogPackFactory: Copied "../../../Samples/StarterContent/Content/StarterContent/Particles/P_Fire.uasset" to "D:/Projets Epic Games/My_VR_rolling_game/Content/StarterContent/Particles/P_Fire.uasset"
[2016.02.11-20.32.01:612][  0]LogPackFactory: Copied "../../../Samples/StarterContent/Content/StarterContent/Particles/P_Smoke.uasset" to "D:/Projets Epic Games/My_VR_rolling_game/Content/StarterContent/Particles/P_Smoke.uasset"
[2016.02.11-20.32.02:048][  0]LogPackFactory: Copied "../../../Samples/StarterContent/Content/StarterContent/Particles/P_Sparks.uasset" to "D:/Projets Epic Games/My_VR_rolling_game/Content/StarterContent/Particles/P_Sparks.uasset"
[2016.02.11-20.32.02:269][  0]LogPackFactory: Copied "../../../Samples/StarterContent/Content/StarterContent/Particles/P_Steam_Lit.uasset" to "D:/Projets Epic Games/My_VR_rolling_game/Content/StarterContent/Particles/P_Steam_Lit.uasset"
[2016.02.11-20.32.02:294][  0]LogPackFactory: Copied "../../../Samples/StarterContent/Content/StarterContent/Particles/Materials/M_Burst.uasset" to "D:/Projets Epic Games/My_VR_rolling_game/Content/StarterContent/Particles/Materials/M_Burst.uasset"
[2016.02.11-20.32.02:305][  0]LogPackFactory: Copied "../../../Samples/StarterContent/Content/StarterContent/Particles/Materials/M_Dust_Particle.uasset" to "D:/Projets Epic Games/My_VR_rolling_game/Content/StarterContent/Particles/Materials/M_Dust_Particle.uasset"
[2016.02.11-20.32.02:328][  0]LogPackFactory: Copied "../../../Samples/StarterContent/Content/StarterContent/Particles/Materials/M_explosion_subUV.uasset" to "D:/Projets Epic Games/My_VR_rolling_game/Content/StarterContent/Particles/Materials/M_explosion_subUV.uasset"
[2016.02.11-20.32.02:337][  0]LogPackFactory: Copied "../../../Samples/StarterContent/Content/StarterContent/Particles/Materials/M_Fire_SubUV.uasset" to "D:/Projets Epic Games/My_VR_rolling_game/Content/StarterContent/Particles/Materials/M_Fire_SubUV.uasset"
[2016.02.11-20.32.02:379][  0]LogPackFactory: Copied "../../../Samples/StarterContent/Content/StarterContent/Particles/Materials/m_flare_01.uasset" to "D:/Projets Epic Games/My_VR_rolling_game/Content/StarterContent/Particles/Materials/m_flare_01.uasset"
[2016.02.11-20.32.02:400][  0]LogPackFactory: Copied "../../../Samples/StarterContent/Content/StarterContent/Particles/Materials/M_Heat_Distortion.uasset" to "D:/Projets Epic Games/My_VR_rolling_game/Content/StarterContent/Particles/Materials/M_Heat_Distortion.uasset"
[2016.02.11-20.32.02:402][  0]LogPackFactory: Copied "../../../Samples/StarterContent/Content/StarterContent/Particles/Materials/M_Radial_Gradient.uasset" to "D:/Projets Epic Games/My_VR_rolling_game/Content/StarterContent/Particles/Materials/M_Radial_Gradient.uasset"
[2016.02.11-20.32.02:439][  0]LogPackFactory: Copied "../../../Samples/StarterContent/Content/StarterContent/Particles/Materials/M_radial_ramp.uasset" to "D:/Projets Epic Games/My_VR_rolling_game/Content/StarterContent/Particles/Materials/M_radial_ramp.uasset"
[2016.02.11-20.32.02:460][  0]LogPackFactory: Copied "../../../Samples/StarterContent/Content/StarterContent/Particles/Materials/M_smoke_subUV.uasset" to "D:/Projets Epic Games/My_VR_rolling_game/Content/StarterContent/Particles/Materials/M_smoke_subUV.uasset"
[2016.02.11-20.32.02:479][  0]LogPackFactory: Copied "../../../Samples/StarterContent/Content/StarterContent/Particles/Materials/M_Spark.uasset" to "D:/Projets Epic Games/My_VR_rolling_game/Content/StarterContent/Particles/Materials/M_Spark.uasset"
[2016.02.11-20.32.02:536][  0]LogPackFactory: Copied "../../../Samples/StarterContent/Content/StarterContent/Props/MaterialSphere.uasset" to "D:/Projets Epic Games/My_VR_rolling_game/Content/StarterContent/Props/MaterialSphere.uasset"
[2016.02.11-20.32.02:573][  0]LogPackFactory: Copied "../../../Samples/StarterContent/Content/StarterContent/Props/SM_Bush.uasset" to "D:/Projets Epic Games/My_VR_rolling_game/Content/StarterContent/Props/SM_Bush.uasset"
[2016.02.11-20.32.02:624][  0]LogPackFactory: Copied "../../../Samples/StarterContent/Content/StarterContent/Props/SM_Chair.uasset" to "D:/Projets Epic Games/My_VR_rolling_game/Content/StarterContent/Props/SM_Chair.uasset"
[2016.02.11-20.32.02:640][  0]LogPackFactory: Copied "../../../Samples/StarterContent/Content/StarterContent/Props/SM_CornerFrame.uasset" to "D:/Projets Epic Games/My_VR_rolling_game/Content/StarterContent/Props/SM_CornerFrame.uasset"
[2016.02.11-20.32.02:675][  0]LogPackFactory: Copied "../../../Samples/StarterContent/Content/StarterContent/Props/SM_Couch.uasset" to "D:/Projets Epic Games/My_VR_rolling_game/Content/StarterContent/Props/SM_Couch.uasset"
[2016.02.11-20.32.02:698][  0]LogPackFactory: Copied "../../../Samples/StarterContent/Content/StarterContent/Props/SM_Door.uasset" to "D:/Projets Epic Games/My_VR_rolling_game/Content/StarterContent/Props/SM_Door.uasset"
[2016.02.11-20.32.02:738][  0]LogPackFactory: Copied "../../../Samples/StarterContent/Content/StarterContent/Props/SM_DoorFrame.uasset" to "D:/Projets Epic Games/My_VR_rolling_game/Content/StarterContent/Props/SM_DoorFrame.uasset"
[2016.02.11-20.32.02:760][  0]LogPackFactory: Copied "../../../Samples/StarterContent/Content/StarterContent/Props/SM_GlassWindow.uasset" to "D:/Projets Epic Games/My_VR_rolling_game/Content/StarterContent/Props/SM_GlassWindow.uasset"
[2016.02.11-20.32.02:837][  0]LogPackFactory: Copied "../../../Samples/StarterContent/Content/StarterContent/Props/SM_Lamp_Ceiling.uasset" to "D:/Projets Epic Games/My_VR_rolling_game/Content/StarterContent/Props/SM_Lamp_Ceiling.uasset"
[2016.02.11-20.32.02:863][  0]LogPackFactory: Copied "../../../Samples/StarterContent/Content/StarterContent/Props/SM_Lamp_Wall.uasset" to "D:/Projets Epic Games/My_VR_rolling_game/Content/StarterContent/Props/SM_Lamp_Wall.uasset"
[2016.02.11-20.32.03:188][  0]LogPackFactory: Copied "../../../Samples/StarterContent/Content/StarterContent/Props/SM_MatPreviewMesh_02.uasset" to "D:/Projets Epic Games/My_VR_rolling_game/Content/StarterContent/Props/SM_MatPreviewMesh_02.uasset"
[2016.02.11-20.32.03:342][  0]LogPackFactory: Copied "../../../Samples/StarterContent/Content/StarterContent/Props/SM_PillarFrame.uasset" to "D:/Projets Epic Games/My_VR_rolling_game/Content/StarterContent/Props/SM_PillarFrame.uasset"
[2016.02.11-20.32.03:370][  0]LogPackFactory: Copied "../../../Samples/StarterContent/Content/StarterContent/Props/SM_PillarFrame300.uasset" to "D:/Projets Epic Games/My_VR_rolling_game/Content/StarterContent/Props/SM_PillarFrame300.uasset"
[2016.02.11-20.32.03:465][  0]LogPackFactory: Copied "../../../Samples/StarterContent/Content/StarterContent/Props/SM_Rock.uasset" to "D:/Projets Epic Games/My_VR_rolling_game/Content/StarterContent/Props/SM_Rock.uasset"
[2016.02.11-20.32.03:486][  0]LogPackFactory: Copied "../../../Samples/StarterContent/Content/StarterContent/Props/SM_Shelf.uasset" to "D:/Projets Epic Games/My_VR_rolling_game/Content/StarterContent/Props/SM_Shelf.uasset"
[2016.02.11-20.32.03:562][  0]LogPackFactory: Copied "../../../Samples/StarterContent/Content/StarterContent/Props/SM_Stairs.uasset" to "D:/Projets Epic Games/My_VR_rolling_game/Content/StarterContent/Props/SM_Stairs.uasset"
[2016.02.11-20.32.03:599][  0]LogPackFactory: Copied "../../../Samples/StarterContent/Content/StarterContent/Props/SM_Statue.uasset" to "D:/Projets Epic Games/My_VR_rolling_game/Content/StarterContent/Props/SM_Statue.uasset"
[2016.02.11-20.32.03:626][  0]LogPackFactory: Copied "../../../Samples/StarterContent/Content/StarterContent/Props/SM_TableRound.uasset" to "D:/Projets Epic Games/My_VR_rolling_game/Content/StarterContent/Props/SM_TableRound.uasset"
[2016.02.11-20.32.03:649][  0]LogPackFactory: Copied "../../../Samples/StarterContent/Content/StarterContent/Props/SM_WindowFrame.uasset" to "D:/Projets Epic Games/My_VR_rolling_game/Content/StarterContent/Props/SM_WindowFrame.uasset"
[2016.02.11-20.32.03:662][  0]LogPackFactory: Copied "../../../Samples/StarterContent/Content/StarterContent/Props/Materials/M_Bush.uasset" to "D:/Projets Epic Games/My_VR_rolling_game/Content/StarterContent/Props/Materials/M_Bush.uasset"
[2016.02.11-20.32.03:669][  0]LogPackFactory: Copied "../../../Samples/StarterContent/Content/StarterContent/Props/Materials/M_Chair.uasset" to "D:/Projets Epic Games/My_VR_rolling_game/Content/StarterContent/Props/Materials/M_Chair.uasset"
[2016.02.11-20.32.03:697][  0]LogPackFactory: Copied "../../../Samples/StarterContent/Content/StarterContent/Props/Materials/M_Door.uasset" to "D:/Projets Epic Games/My_VR_rolling_game/Content/StarterContent/Props/Materials/M_Door.uasset"
[2016.02.11-20.32.03:709][  0]LogPackFactory: Copied "../../../Samples/StarterContent/Content/StarterContent/Props/Materials/M_Frame.uasset" to "D:/Projets Epic Games/My_VR_rolling_game/Content/StarterContent/Props/Materials/M_Frame.uasset"
[2016.02.11-20.32.03:720][  0]LogPackFactory: Copied "../../../Samples/StarterContent/Content/StarterContent/Props/Materials/M_Lamp.uasset" to "D:/Projets Epic Games/My_VR_rolling_game/Content/StarterContent/Props/Materials/M_Lamp.uasset"
[2016.02.11-20.32.03:795][  0]LogPackFactory: Copied "../../../Samples/StarterContent/Content/StarterContent/Props/Materials/M_MaterialSphere.uasset" to "D:/Projets Epic Games/My_VR_rolling_game/Content/StarterContent/Props/Materials/M_MaterialSphere.uasset"
[2016.02.11-20.32.03:802][  0]LogPackFactory: Copied "../../../Samples/StarterContent/Content/StarterContent/Props/Materials/M_MaterialSphere_Plain.uasset" to "D:/Projets Epic Games/My_VR_rolling_game/Content/StarterContent/Props/Materials/M_MaterialSphere_Plain.uasset"
[2016.02.11-20.32.03:817][  0]LogPackFactory: Copied "../../../Samples/StarterContent/Content/StarterContent/Props/Materials/M_Rock.uasset" to "D:/Projets Epic Games/My_VR_rolling_game/Content/StarterContent/Props/Materials/M_Rock.uasset"
[2016.02.11-20.32.03:845][  0]LogPackFactory: Copied "../../../Samples/StarterContent/Content/StarterContent/Props/Materials/M_Shelf.uasset" to "D:/Projets Epic Games/My_VR_rolling_game/Content/StarterContent/Props/Materials/M_Shelf.uasset"
[2016.02.11-20.32.03:866][  0]LogPackFactory: Copied "../../../Samples/StarterContent/Content/StarterContent/Props/Materials/M_Statue.uasset" to "D:/Projets Epic Games/My_VR_rolling_game/Content/StarterContent/Props/Materials/M_Statue.uasset"
[2016.02.11-20.32.03:895][  0]LogPackFactory: Copied "../../../Samples/StarterContent/Content/StarterContent/Props/Materials/M_StatueGlass.uasset" to "D:/Projets Epic Games/My_VR_rolling_game/Content/StarterContent/Props/Materials/M_StatueGlass.uasset"
[2016.02.11-20.32.03:899][  0]LogPackFactory: Copied "../../../Samples/StarterContent/Content/StarterContent/Props/Materials/M_TableRound.uasset" to "D:/Projets Epic Games/My_VR_rolling_game/Content/StarterContent/Props/Materials/M_TableRound.uasset"
[2016.02.11-20.32.03:954][  0]LogPackFactory: Copied "../../../Samples/StarterContent/Content/StarterContent/Shapes/Shape_Cone.uasset" to "D:/Projets Epic Games/My_VR_rolling_game/Content/StarterContent/Shapes/Shape_Cone.uasset"
[2016.02.11-20.32.04:004][  0]LogPackFactory: Copied "../../../Samples/StarterContent/Content/StarterContent/Shapes/Shape_Cube.uasset" to "D:/Projets Epic Games/My_VR_rolling_game/Content/StarterContent/Shapes/Shape_Cube.uasset"
[2016.02.11-20.32.04:023][  0]LogPackFactory: Copied "../../../Samples/StarterContent/Content/StarterContent/Shapes/Shape_Cylinder.uasset" to "D:/Projets Epic Games/My_VR_rolling_game/Content/StarterContent/Shapes/Shape_Cylinder.uasset"
[2016.02.11-20.32.04:059][  0]LogPackFactory: Copied "../../../Samples/StarterContent/Content/StarterContent/Shapes/Shape_NarrowCapsule.uasset" to "D:/Projets Epic Games/My_VR_rolling_game/Content/StarterContent/Shapes/Shape_NarrowCapsule.uasset"
[2016.02.11-20.32.04:074][  0]LogPackFactory: Copied "../../../Samples/StarterContent/Content/StarterContent/Shapes/Shape_Pipe.uasset" to "D:/Projets Epic Games/My_VR_rolling_game/Content/StarterContent/Shapes/Shape_Pipe.uasset"
[2016.02.11-20.32.04:114][  0]LogPackFactory: Copied "../../../Samples/StarterContent/Content/StarterContent/Shapes/Shape_Pipe_180.uasset" to "D:/Projets Epic Games/My_VR_rolling_game/Content/StarterContent/Shapes/Shape_Pipe_180.uasset"
[2016.02.11-20.32.04:143][  0]LogPackFactory: Copied "../../../Samples/StarterContent/Content/StarterContent/Shapes/Shape_Pipe_90.uasset" to "D:/Projets Epic Games/My_VR_rolling_game/Content/StarterContent/Shapes/Shape_Pipe_90.uasset"
[2016.02.11-20.32.04:165][  0]LogPackFactory: Copied "../../../Samples/StarterContent/Content/StarterContent/Shapes/Shape_Plane.uasset" to "D:/Projets Epic Games/My_VR_rolling_game/Content/StarterContent/Shapes/Shape_Plane.uasset"
[2016.02.11-20.32.04:194][  0]LogPackFactory: Copied "../../../Samples/StarterContent/Content/StarterContent/Shapes/Shape_QuadPyramid.uasset" to "D:/Projets Epic Games/My_VR_rolling_game/Content/StarterContent/Shapes/Shape_QuadPyramid.uasset"
[2016.02.11-20.32.04:223][  0]LogPackFactory: Copied "../../../Samples/StarterContent/Content/StarterContent/Shapes/Shape_Sphere.uasset" to "D:/Projets Epic Games/My_VR_rolling_game/Content/StarterContent/Shapes/Shape_Sphere.uasset"
[2016.02.11-20.32.04:302][  0]LogPackFactory: Copied "../../../Samples/StarterContent/Content/StarterContent/Shapes/Shape_Torus.uasset" to "D:/Projets Epic Games/My_VR_rolling_game/Content/StarterContent/Shapes/Shape_Torus.uasset"
[2016.02.11-20.32.04:333][  0]LogPackFactory: Copied "../../../Samples/StarterContent/Content/StarterContent/Shapes/Shape_Trim.uasset" to "D:/Projets Epic Games/My_VR_rolling_game/Content/StarterContent/Shapes/Shape_Trim.uasset"
[2016.02.11-20.32.04:369][  0]LogPackFactory: Copied "../../../Samples/StarterContent/Content/StarterContent/Shapes/Shape_Trim_90_In.uasset" to "D:/Projets Epic Games/My_VR_rolling_game/Content/StarterContent/Shapes/Shape_Trim_90_In.uasset"
[2016.02.11-20.32.04:398][  0]LogPackFactory: Copied "../../../Samples/StarterContent/Content/StarterContent/Shapes/Shape_Trim_90_Out.uasset" to "D:/Projets Epic Games/My_VR_rolling_game/Content/StarterContent/Shapes/Shape_Trim_90_Out.uasset"
[2016.02.11-20.32.04:483][  0]LogPackFactory: Copied "../../../Samples/StarterContent/Content/StarterContent/Shapes/Shape_TriPyramid.uasset" to "D:/Projets Epic Games/My_VR_rolling_game/Content/StarterContent/Shapes/Shape_TriPyramid.uasset"
[2016.02.11-20.32.04:617][  0]LogPackFactory: Copied "../../../Samples/StarterContent/Content/StarterContent/Shapes/Shape_Tube.uasset" to "D:/Projets Epic Games/My_VR_rolling_game/Content/StarterContent/Shapes/Shape_Tube.uasset"
[2016.02.11-20.32.04:666][  0]LogPackFactory: Copied "../../../Samples/StarterContent/Content/StarterContent/Shapes/Shape_Wedge_A.uasset" to "D:/Projets Epic Games/My_VR_rolling_game/Content/StarterContent/Shapes/Shape_Wedge_A.uasset"
[2016.02.11-20.32.04:699][  0]LogPackFactory: Copied "../../../Samples/StarterContent/Content/StarterContent/Shapes/Shape_Wedge_B.uasset" to "D:/Projets Epic Games/My_VR_rolling_game/Content/StarterContent/Shapes/Shape_Wedge_B.uasset"
[2016.02.11-20.32.04:710][  0]LogPackFactory: Copied "../../../Samples/StarterContent/Content/StarterContent/Shapes/Shape_WideCapsule.uasset" to "D:/Projets Epic Games/My_VR_rolling_game/Content/StarterContent/Shapes/Shape_WideCapsule.uasset"
[2016.02.11-20.32.04:779][  0]LogPackFactory: Copied "../../../Samples/StarterContent/Content/StarterContent/Textures/T_Brick_Clay_Beveled_D.uasset" to "D:/Projets Epic Games/My_VR_rolling_game/Content/StarterContent/Textures/T_Brick_Clay_Beveled_D.uasset"
[2016.02.11-20.32.04:844][  0]LogPackFactory: Copied "../../../Samples/StarterContent/Content/StarterContent/Textures/T_Brick_Clay_Beveled_M.uasset" to "D:/Projets Epic Games/My_VR_rolling_game/Content/StarterContent/Textures/T_Brick_Clay_Beveled_M.uasset"
[2016.02.11-20.32.04:921][  0]LogPackFactory: Copied "../../../Samples/StarterContent/Content/StarterContent/Textures/T_Brick_Clay_Beveled_N.uasset" to "D:/Projets Epic Games/My_VR_rolling_game/Content/StarterContent/Textures/T_Brick_Clay_Beveled_N.uasset"
[2016.02.11-20.32.04:977][  0]LogPackFactory: Copied "../../../Samples/StarterContent/Content/StarterContent/Textures/T_Brick_Clay_New_D.uasset" to "D:/Projets Epic Games/My_VR_rolling_game/Content/StarterContent/Textures/T_Brick_Clay_New_D.uasset"
[2016.02.11-20.32.05:102][  0]LogPackFactory: Copied "../../../Samples/StarterContent/Content/StarterContent/Textures/T_Brick_Clay_New_M.uasset" to "D:/Projets Epic Games/My_VR_rolling_game/Content/StarterContent/Textures/T_Brick_Clay_New_M.uasset"
[2016.02.11-20.32.05:166][  0]LogPackFactory: Copied "../../../Samples/StarterContent/Content/StarterContent/Textures/T_Brick_Clay_New_N.uasset" to "D:/Projets Epic Games/My_VR_rolling_game/Content/StarterContent/Textures/T_Brick_Clay_New_N.uasset"
[2016.02.11-20.32.05:262][  0]LogPackFactory: Copied "../../../Samples/StarterContent/Content/StarterContent/Textures/T_Brick_Clay_Old_D.uasset" to "D:/Projets Epic Games/My_VR_rolling_game/Content/StarterContent/Textures/T_Brick_Clay_Old_D.uasset"
[2016.02.11-20.32.05:331][  0]LogPackFactory: Copied "../../../Samples/StarterContent/Content/StarterContent/Textures/T_Brick_Clay_Old_N.uasset" to "D:/Projets Epic Games/My_VR_rolling_game/Content/StarterContent/Textures/T_Brick_Clay_Old_N.uasset"
[2016.02.11-20.32.05:457][  0]LogPackFactory: Copied "../../../Samples/StarterContent/Content/StarterContent/Textures/T_Brick_Cut_Stone_D.uasset" to "D:/Projets Epic Games/My_VR_rolling_game/Content/StarterContent/Textures/T_Brick_Cut_Stone_D.uasset"
[2016.02.11-20.32.05:512][  0]LogPackFactory: Copied "../../../Samples/StarterContent/Content/StarterContent/Textures/T_Brick_Cut_Stone_N.uasset" to "D:/Projets Epic Games/My_VR_rolling_game/Content/StarterContent/Textures/T_Brick_Cut_Stone_N.uasset"
[2016.02.11-20.32.05:580][  0]LogPackFactory: Copied "../../../Samples/StarterContent/Content/StarterContent/Textures/T_Brick_Hewn_Stone_D.uasset" to "D:/Projets Epic Games/My_VR_rolling_game/Content/StarterContent/Textures/T_Brick_Hewn_Stone_D.uasset"
[2016.02.11-20.32.05:644][  0]LogPackFactory: Copied "../../../Samples/StarterContent/Content/StarterContent/Textures/T_Brick_Hewn_Stone_M.uasset" to "D:/Projets Epic Games/My_VR_rolling_game/Content/StarterContent/Textures/T_Brick_Hewn_Stone_M.uasset"
[2016.02.11-20.32.05:736][  0]LogPackFactory: Copied "../../../Samples/StarterContent/Content/StarterContent/Textures/T_Brick_Hewn_Stone_N.uasset" to "D:/Projets Epic Games/My_VR_rolling_game/Content/StarterContent/Textures/T_Brick_Hewn_Stone_N.uasset"
[2016.02.11-20.32.05:763][  0]LogPackFactory: Copied "../../../Samples/StarterContent/Content/StarterContent/Textures/T_Burst_M.uasset" to "D:/Projets Epic Games/My_VR_rolling_game/Content/StarterContent/Textures/T_Burst_M.uasset"
[2016.02.11-20.32.05:779][  0]LogPackFactory: Copied "../../../Samples/StarterContent/Content/StarterContent/Textures/T_Bush_D.uasset" to "D:/Projets Epic Games/My_VR_rolling_game/Content/StarterContent/Textures/T_Bush_D.uasset"
[2016.02.11-20.32.06:108][  0]LogPackFactory: Copied "../../../Samples/StarterContent/Content/StarterContent/Textures/T_Bush_N.uasset" to "D:/Projets Epic Games/My_VR_rolling_game/Content/StarterContent/Textures/T_Bush_N.uasset"
[2016.02.11-20.32.06:303][  0]LogPackFactory: Copied "../../../Samples/StarterContent/Content/StarterContent/Textures/T_Ceramic_Tile_M.uasset" to "D:/Projets Epic Games/My_VR_rolling_game/Content/StarterContent/Textures/T_Ceramic_Tile_M.uasset"
[2016.02.11-20.32.06:317][  0]LogPackFactory: Copied "../../../Samples/StarterContent/Content/StarterContent/Textures/T_Ceramic_Tile_N.uasset" to "D:/Projets Epic Games/My_VR_rolling_game/Content/StarterContent/Textures/T_Ceramic_Tile_N.uasset"
[2016.02.11-20.32.06:333][  0]LogPackFactory: Copied "../../../Samples/StarterContent/Content/StarterContent/Textures/T_Chair_M.uasset" to "D:/Projets Epic Games/My_VR_rolling_game/Content/StarterContent/Textures/T_Chair_M.uasset"
[2016.02.11-20.32.06:364][  0]LogPackFactory: Copied "../../../Samples/StarterContent/Content/StarterContent/Textures/T_Chair_N.uasset" to "D:/Projets Epic Games/My_VR_rolling_game/Content/StarterContent/Textures/T_Chair_N.uasset"
[2016.02.11-20.32.06:392][  0]LogPackFactory: Copied "../../../Samples/StarterContent/Content/StarterContent/Textures/T_Checker_Noise_M.uasset" to "D:/Projets Epic Games/My_VR_rolling_game/Content/StarterContent/Textures/T_Checker_Noise_M.uasset"
[2016.02.11-20.32.06:490][  0]LogPackFactory: Copied "../../../Samples/StarterContent/Content/StarterContent/Textures/T_CobbleStone_Pebble_D.uasset" to "D:/Projets Epic Games/My_VR_rolling_game/Content/StarterContent/Textures/T_CobbleStone_Pebble_D.uasset"
[2016.02.11-20.32.06:513][  0]LogPackFactory: Copied "../../../Samples/StarterContent/Content/StarterContent/Textures/T_CobbleStone_Pebble_M.uasset" to "D:/Projets Epic Games/My_VR_rolling_game/Content/StarterContent/Textures/T_CobbleStone_Pebble_M.uasset"
[2016.02.11-20.32.06:616][  0]LogPackFactory: Copied "../../../Samples/StarterContent/Content/StarterContent/Textures/T_CobbleStone_Pebble_N.uasset" to "D:/Projets Epic Games/My_VR_rolling_game/Content/StarterContent/Textures/T_CobbleStone_Pebble_N.uasset"
[2016.02.11-20.32.06:687][  0]LogPackFactory: Copied "../../../Samples/StarterContent/Content/StarterContent/Textures/T_CobbleStone_Rough_D.uasset" to "D:/Projets Epic Games/My_VR_rolling_game/Content/StarterContent/Textures/T_CobbleStone_Rough_D.uasset"
[2016.02.11-20.32.06:712][  0]LogPackFactory: Copied "../../../Samples/StarterContent/Content/StarterContent/Textures/T_CobbleStone_Rough_N.uasset" to "D:/Projets Epic Games/My_VR_rolling_game/Content/StarterContent/Textures/T_CobbleStone_Rough_N.uasset"
[2016.02.11-20.32.06:772][  0]LogPackFactory: Copied "../../../Samples/StarterContent/Content/StarterContent/Textures/T_CobbleStone_Smooth_D.uasset" to "D:/Projets Epic Games/My_VR_rolling_game/Content/StarterContent/Textures/T_CobbleStone_Smooth_D.uasset"
[2016.02.11-20.32.06:837][  0]LogPackFactory: Copied "../../../Samples/StarterContent/Content/StarterContent/Textures/T_CobbleStone_Smooth_M.uasset" to "D:/Projets Epic Games/My_VR_rolling_game/Content/StarterContent/Textures/T_CobbleStone_Smooth_M.uasset"
[2016.02.11-20.32.06:927][  0]LogPackFactory: Copied "../../../Samples/StarterContent/Content/StarterContent/Textures/T_CobbleStone_Smooth_N.uasset" to "D:/Projets Epic Games/My_VR_rolling_game/Content/StarterContent/Textures/T_CobbleStone_Smooth_N.uasset"
[2016.02.11-20.32.07:010][  0]LogPackFactory: Copied "../../../Samples/StarterContent/Content/StarterContent/Textures/T_Concrete_Grime_D.uasset" to "D:/Projets Epic Games/My_VR_rolling_game/Content/StarterContent/Textures/T_Concrete_Grime_D.uasset"
[2016.02.11-20.32.07:078][  0]LogPackFactory: Copied "../../../Samples/StarterContent/Content/StarterContent/Textures/T_Concrete_Panels_D.uasset" to "D:/Projets Epic Games/My_VR_rolling_game/Content/StarterContent/Textures/T_Concrete_Panels_D.uasset"
[2016.02.11-20.32.07:146][  0]LogPackFactory: Copied "../../../Samples/StarterContent/Content/StarterContent/Textures/T_Concrete_Panels_N.uasset" to "D:/Projets Epic Games/My_VR_rolling_game/Content/StarterContent/Textures/T_Concrete_Panels_N.uasset"
[2016.02.11-20.32.07:647][  0]LogPackFactory: Copied "../../../Samples/StarterContent/Content/StarterContent/Textures/T_Concrete_Poured_D.uasset" to "D:/Projets Epic Games/My_VR_rolling_game/Content/StarterContent/Textures/T_Concrete_Poured_D.uasset"
[2016.02.11-20.32.07:734][  0]LogPackFactory: Copied "../../../Samples/StarterContent/Content/StarterContent/Textures/T_Concrete_Poured_N.uasset" to "D:/Projets Epic Games/My_VR_rolling_game/Content/StarterContent/Textures/T_Concrete_Poured_N.uasset"
[2016.02.11-20.32.07:786][  0]LogPackFactory: Copied "../../../Samples/StarterContent/Content/StarterContent/Textures/T_Concrete_Tiles_D.uasset" to "D:/Projets Epic Games/My_VR_rolling_game/Content/StarterContent/Textures/T_Concrete_Tiles_D.uasset"
[2016.02.11-20.32.07:841][  0]LogPackFactory: Copied "../../../Samples/StarterContent/Content/StarterContent/Textures/T_Concrete_Tiles_M.uasset" to "D:/Projets Epic Games/My_VR_rolling_game/Content/StarterContent/Textures/T_Concrete_Tiles_M.uasset"
[2016.02.11-20.32.07:893][  0]LogPackFactory: Copied "../../../Samples/StarterContent/Content/StarterContent/Textures/T_Concrete_Tiles_N.uasset" to "D:/Projets Epic Games/My_VR_rolling_game/Content/StarterContent/Textures/T_Concrete_Tiles_N.uasset"
[2016.02.11-20.32.07:920][  0]LogPackFactory: Copied "../../../Samples/StarterContent/Content/StarterContent/Textures/T_Concrete_Tiles_Variation_M.uasset" to "D:/Projets Epic Games/My_VR_rolling_game/Content/StarterContent/Textures/T_Concrete_Tiles_Variation_M.uasset"
[2016.02.11-20.32.07:953][  0]LogPackFactory: Copied "../../../Samples/StarterContent/Content/StarterContent/Textures/T_Detail_Rocky_N.uasset" to "D:/Projets Epic Games/My_VR_rolling_game/Content/StarterContent/Textures/T_Detail_Rocky_N.uasset"
[2016.02.11-20.32.07:968][  0]LogPackFactory: Copied "../../../Samples/StarterContent/Content/StarterContent/Textures/T_Door_M.uasset" to "D:/Projets Epic Games/My_VR_rolling_game/Content/StarterContent/Textures/T_Door_M.uasset"
[2016.02.11-20.32.07:994][  0]LogPackFactory: Copied "../../../Samples/StarterContent/Content/StarterContent/Textures/T_Door_N.uasset" to "D:/Projets Epic Games/My_VR_rolling_game/Content/StarterContent/Textures/T_Door_N.uasset"
[2016.02.11-20.32.08:007][  0]LogPackFactory: Copied "../../../Samples/StarterContent/Content/StarterContent/Textures/T_Dust_Particle_D.uasset" to "D:/Projets Epic Games/My_VR_rolling_game/Content/StarterContent/Textures/T_Dust_Particle_D.uasset"
[2016.02.11-20.32.08:041][  0]LogPackFactory: Copied "../../../Samples/StarterContent/Content/StarterContent/Textures/T_Explosion_SubUV.uasset" to "D:/Projets Epic Games/My_VR_rolling_game/Content/StarterContent/Textures/T_Explosion_SubUV.uasset"
[2016.02.11-20.32.08:057][  0]LogPackFactory: Copied "../../../Samples/StarterContent/Content/StarterContent/Textures/T_Fire_SubUV.uasset" to "D:/Projets Epic Games/My_VR_rolling_game/Content/StarterContent/Textures/T_Fire_SubUV.uasset"
[2016.02.11-20.32.08:072][  0]LogPackFactory: Copied "../../../Samples/StarterContent/Content/StarterContent/Textures/T_Fire_Tiled_D.uasset" to "D:/Projets Epic Games/My_VR_rolling_game/Content/StarterContent/Textures/T_Fire_Tiled_D.uasset"
[2016.02.11-20.32.08:090][  0]LogPackFactory: Copied "../../../Samples/StarterContent/Content/StarterContent/Textures/T_Frame_M.uasset" to "D:/Projets Epic Games/My_VR_rolling_game/Content/StarterContent/Textures/T_Frame_M.uasset"
[2016.02.11-20.32.08:112][  0]LogPackFactory: Copied "../../../Samples/StarterContent/Content/StarterContent/Textures/T_Frame_N.uasset" to "D:/Projets Epic Games/My_VR_rolling_game/Content/StarterContent/Textures/T_Frame_N.uasset"
[2016.02.11-20.32.08:117][  0]LogPackFactory: Copied "../../../Samples/StarterContent/Content/StarterContent/Textures/T_Gradinet_01.uasset" to "D:/Projets Epic Games/My_VR_rolling_game/Content/StarterContent/Textures/T_Gradinet_01.uasset"
[2016.02.11-20.32.08:246][  0]LogPackFactory: Copied "../../../Samples/StarterContent/Content/StarterContent/Textures/T_Ground_Grass_D.uasset" to "D:/Projets Epic Games/My_VR_rolling_game/Content/StarterContent/Textures/T_Ground_Grass_D.uasset"
[2016.02.11-20.32.08:341][  0]LogPackFactory: Copied "../../../Samples/StarterContent/Content/StarterContent/Textures/T_Ground_Grass_N.uasset" to "D:/Projets Epic Games/My_VR_rolling_game/Content/StarterContent/Textures/T_Ground_Grass_N.uasset"
[2016.02.11-20.32.08:433][  0]LogPackFactory: Copied "../../../Samples/StarterContent/Content/StarterContent/Textures/T_Ground_Gravel_D.uasset" to "D:/Projets Epic Games/My_VR_rolling_game/Content/StarterContent/Textures/T_Ground_Gravel_D.uasset"
[2016.02.11-20.32.08:502][  0]LogPackFactory: Copied "../../../Samples/StarterContent/Content/StarterContent/Textures/T_Ground_Gravel_N.uasset" to "D:/Projets Epic Games/My_VR_rolling_game/Content/StarterContent/Textures/T_Ground_Gravel_N.uasset"
[2016.02.11-20.32.08:677][  0]LogPackFactory: Copied "../../../Samples/StarterContent/Content/StarterContent/Textures/T_ground_Moss_D.uasset" to "D:/Projets Epic Games/My_VR_rolling_game/Content/StarterContent/Textures/T_ground_Moss_D.uasset"
[2016.02.11-20.32.08:937][  0]LogPackFactory: Copied "../../../Samples/StarterContent/Content/StarterContent/Textures/T_Ground_Moss_N.uasset" to "D:/Projets Epic Games/My_VR_rolling_game/Content/StarterContent/Textures/T_Ground_Moss_N.uasset"
[2016.02.11-20.32.09:347][  0]LogPackFactory: Copied "../../../Samples/StarterContent/Content/StarterContent/Textures/T_Lamp_M.uasset" to "D:/Projets Epic Games/My_VR_rolling_game/Content/StarterContent/Textures/T_Lamp_M.uasset"
[2016.02.11-20.32.09:379][  0]LogPackFactory: Copied "../../../Samples/StarterContent/Content/StarterContent/Textures/T_Lamp_N.uasset" to "D:/Projets Epic Games/My_VR_rolling_game/Content/StarterContent/Textures/T_Lamp_N.uasset"
[2016.02.11-20.32.09:469][  0]LogPackFactory: Copied "../../../Samples/StarterContent/Content/StarterContent/Textures/T_MacroVariation.uasset" to "D:/Projets Epic Games/My_VR_rolling_game/Content/StarterContent/Textures/T_MacroVariation.uasset"
[2016.02.11-20.32.09:559][  0]LogPackFactory: Copied "../../../Samples/StarterContent/Content/StarterContent/Textures/T_Metal_Aluminum_D.uasset" to "D:/Projets Epic Games/My_VR_rolling_game/Content/StarterContent/Textures/T_Metal_Aluminum_D.uasset"
[2016.02.11-20.32.09:650][  0]LogPackFactory: Copied "../../../Samples/StarterContent/Content/StarterContent/Textures/T_Metal_Copper_D.uasset" to "D:/Projets Epic Games/My_VR_rolling_game/Content/StarterContent/Textures/T_Metal_Copper_D.uasset"
[2016.02.11-20.32.09:760][  0]LogPackFactory: Copied "../../../Samples/StarterContent/Content/StarterContent/Textures/T_Metal_Gold_D.uasset" to "D:/Projets Epic Games/My_VR_rolling_game/Content/StarterContent/Textures/T_Metal_Gold_D.uasset"
[2016.02.11-20.32.09:810][  0]LogPackFactory: Copied "../../../Samples/StarterContent/Content/StarterContent/Textures/T_Metal_Gold_N.uasset" to "D:/Projets Epic Games/My_VR_rolling_game/Content/StarterContent/Textures/T_Metal_Gold_N.uasset"
[2016.02.11-20.32.09:892][  0]LogPackFactory: Copied "../../../Samples/StarterContent/Content/StarterContent/Textures/T_Metal_Rust_D.uasset" to "D:/Projets Epic Games/My_VR_rolling_game/Content/StarterContent/Textures/T_Metal_Rust_D.uasset"
[2016.02.11-20.32.10:630][  0]LogPackFactory: Copied "../../../Samples/StarterContent/Content/StarterContent/Textures/T_Metal_Rust_N.uasset" to "D:/Projets Epic Games/My_VR_rolling_game/Content/StarterContent/Textures/T_Metal_Rust_N.uasset"
[2016.02.11-20.32.10:669][  0]LogPackFactory: Copied "../../../Samples/StarterContent/Content/StarterContent/Textures/T_Metal_Steel_D.uasset" to "D:/Projets Epic Games/My_VR_rolling_game/Content/StarterContent/Textures/T_Metal_Steel_D.uasset"
[2016.02.11-20.32.10:732][  0]LogPackFactory: Copied "../../../Samples/StarterContent/Content/StarterContent/Textures/T_Metal_Steel_N.uasset" to "D:/Projets Epic Games/My_VR_rolling_game/Content/StarterContent/Textures/T_Metal_Steel_N.uasset"
[2016.02.11-20.32.10:797][  0]LogPackFactory: Copied "../../../Samples/StarterContent/Content/StarterContent/Textures/T_Perlin_Noise_M.uasset" to "D:/Projets Epic Games/My_VR_rolling_game/Content/StarterContent/Textures/T_Perlin_Noise_M.uasset"
[2016.02.11-20.32.10:829][  0]LogPackFactory: Copied "../../../Samples/StarterContent/Content/StarterContent/Textures/T_RockMesh_M.uasset" to "D:/Projets Epic Games/My_VR_rolling_game/Content/StarterContent/Textures/T_RockMesh_M.uasset"
[2016.02.11-20.32.10:887][  0]LogPackFactory: Copied "../../../Samples/StarterContent/Content/StarterContent/Textures/T_RockMesh_N.uasset" to "D:/Projets Epic Games/My_VR_rolling_game/Content/StarterContent/Textures/T_RockMesh_N.uasset"
[2016.02.11-20.32.10:979][  0]LogPackFactory: Copied "../../../Samples/StarterContent/Content/StarterContent/Textures/T_Rock_Basalt_D.uasset" to "D:/Projets Epic Games/My_VR_rolling_game/Content/StarterContent/Textures/T_Rock_Basalt_D.uasset"
[2016.02.11-20.32.11:042][  0]LogPackFactory: Copied "../../../Samples/StarterContent/Content/StarterContent/Textures/T_Rock_Basalt_N.uasset" to "D:/Projets Epic Games/My_VR_rolling_game/Content/StarterContent/Textures/T_Rock_Basalt_N.uasset"
[2016.02.11-20.32.11:103][  0]LogPackFactory: Copied "../../../Samples/StarterContent/Content/StarterContent/Textures/T_Rock_Marble_Polished_D.uasset" to "D:/Projets Epic Games/My_VR_rolling_game/Content/StarterContent/Textures/T_Rock_Marble_Polished_D.uasset"
[2016.02.11-20.32.11:176][  0]LogPackFactory: Copied "../../../Samples/StarterContent/Content/StarterContent/Textures/T_Rock_Sandstone_D.uasset" to "D:/Projets Epic Games/My_VR_rolling_game/Content/StarterContent/Textures/T_Rock_Sandstone_D.uasset"
[2016.02.11-20.32.11:857][  0]LogPackFactory: Copied "../../../Samples/StarterContent/Content/StarterContent/Textures/T_Rock_Sandstone_N.uasset" to "D:/Projets Epic Games/My_VR_rolling_game/Content/StarterContent/Textures/T_Rock_Sandstone_N.uasset"
[2016.02.11-20.32.11:949][  0]LogPackFactory: Copied "../../../Samples/StarterContent/Content/StarterContent/Textures/T_Rock_Slate_D.uasset" to "D:/Projets Epic Games/My_VR_rolling_game/Content/StarterContent/Textures/T_Rock_Slate_D.uasset"
[2016.02.11-20.32.12:033][  0]LogPackFactory: Copied "../../../Samples/StarterContent/Content/StarterContent/Textures/T_Rock_Slate_N.uasset" to "D:/Projets Epic Games/My_VR_rolling_game/Content/StarterContent/Textures/T_Rock_Slate_N.uasset"
[2016.02.11-20.32.12:100][  0]LogPackFactory: Copied "../../../Samples/StarterContent/Content/StarterContent/Textures/T_Rock_Smooth_Granite_D.uasset" to "D:/Projets Epic Games/My_VR_rolling_game/Content/StarterContent/Textures/T_Rock_Smooth_Granite_D.uasset"
[2016.02.11-20.32.12:124][  0]LogPackFactory: Copied "../../../Samples/StarterContent/Content/StarterContent/Textures/T_Shelf_M.uasset" to "D:/Projets Epic Games/My_VR_rolling_game/Content/StarterContent/Textures/T_Shelf_M.uasset"
[2016.02.11-20.32.12:147][  0]LogPackFactory: Copied "../../../Samples/StarterContent/Content/StarterContent/Textures/T_Shelf_N.uasset" to "D:/Projets Epic Games/My_VR_rolling_game/Content/StarterContent/Textures/T_Shelf_N.uasset"
[2016.02.11-20.32.12:161][  0]LogPackFactory: Copied "../../../Samples/StarterContent/Content/StarterContent/Textures/T_Single_Tile_N.uasset" to "D:/Projets Epic Games/My_VR_rolling_game/Content/StarterContent/Textures/T_Single_Tile_N.uasset"
[2016.02.11-20.32.12:187][  0]LogPackFactory: Copied "../../../Samples/StarterContent/Content/StarterContent/Textures/T_Smoke_SubUV.uasset" to "D:/Projets Epic Games/My_VR_rolling_game/Content/StarterContent/Textures/T_Smoke_SubUV.uasset"
[2016.02.11-20.32.12:199][  0]LogPackFactory: Copied "../../../Samples/StarterContent/Content/StarterContent/Textures/T_Smoke_Tiled_D.uasset" to "D:/Projets Epic Games/My_VR_rolling_game/Content/StarterContent/Textures/T_Smoke_Tiled_D.uasset"
[2016.02.11-20.32.12:211][  0]LogPackFactory: Copied "../../../Samples/StarterContent/Content/StarterContent/Textures/T_Spark_Core.uasset" to "D:/Projets Epic Games/My_VR_rolling_game/Content/StarterContent/Textures/T_Spark_Core.uasset"
[2016.02.11-20.32.12:229][  0]LogPackFactory: Copied "../../../Samples/StarterContent/Content/StarterContent/Textures/T_Statue_M.uasset" to "D:/Projets Epic Games/My_VR_rolling_game/Content/StarterContent/Textures/T_Statue_M.uasset"
[2016.02.11-20.32.12:240][  0]LogPackFactory: Copied "../../../Samples/StarterContent/Content/StarterContent/Textures/T_Statue_N.uasset" to "D:/Projets Epic Games/My_VR_rolling_game/Content/StarterContent/Textures/T_Statue_N.uasset"
[2016.02.11-20.32.12:257][  0]LogPackFactory: Copied "../../../Samples/StarterContent/Content/StarterContent/Textures/T_TableRound_M.uasset" to "D:/Projets Epic Games/My_VR_rolling_game/Content/StarterContent/Textures/T_TableRound_M.uasset"
[2016.02.11-20.32.12:278][  0]LogPackFactory: Copied "../../../Samples/StarterContent/Content/StarterContent/Textures/T_TableRound_N.uasset" to "D:/Projets Epic Games/My_VR_rolling_game/Content/StarterContent/Textures/T_TableRound_N.uasset"
[2016.02.11-20.32.12:295][  0]LogPackFactory: Copied "../../../Samples/StarterContent/Content/StarterContent/Textures/T_Tech_Dot_M.uasset" to "D:/Projets Epic Games/My_VR_rolling_game/Content/StarterContent/Textures/T_Tech_Dot_M.uasset"
[2016.02.11-20.32.12:305][  0]LogPackFactory: Copied "../../../Samples/StarterContent/Content/StarterContent/Textures/T_Tech_Dot_N.uasset" to "D:/Projets Epic Games/My_VR_rolling_game/Content/StarterContent/Textures/T_Tech_Dot_N.uasset"
[2016.02.11-20.32.12:320][  0]LogPackFactory: Copied "../../../Samples/StarterContent/Content/StarterContent/Textures/T_Tech_Hex_Tile_M.uasset" to "D:/Projets Epic Games/My_VR_rolling_game/Content/StarterContent/Textures/T_Tech_Hex_Tile_M.uasset"
[2016.02.11-20.32.12:337][  0]LogPackFactory: Copied "../../../Samples/StarterContent/Content/StarterContent/Textures/T_Tech_Hex_Tile_N.uasset" to "D:/Projets Epic Games/My_VR_rolling_game/Content/StarterContent/Textures/T_Tech_Hex_Tile_N.uasset"
[2016.02.11-20.32.12:358][  0]LogPackFactory: Copied "../../../Samples/StarterContent/Content/StarterContent/Textures/T_Tech_Panel_M.uasset" to "D:/Projets Epic Games/My_VR_rolling_game/Content/StarterContent/Textures/T_Tech_Panel_M.uasset"
[2016.02.11-20.32.12:386][  0]LogPackFactory: Copied "../../../Samples/StarterContent/Content/StarterContent/Textures/T_Tech_Panel_N.uasset" to "D:/Projets Epic Games/My_VR_rolling_game/Content/StarterContent/Textures/T_Tech_Panel_N.uasset"
[2016.02.11-20.32.12:424][  0]LogPackFactory: Copied "../../../Samples/StarterContent/Content/StarterContent/Textures/T_Water_M.uasset" to "D:/Projets Epic Games/My_VR_rolling_game/Content/StarterContent/Textures/T_Water_M.uasset"
[2016.02.11-20.32.12:448][  0]LogPackFactory: Copied "../../../Samples/StarterContent/Content/StarterContent/Textures/T_Water_N.uasset" to "D:/Projets Epic Games/My_VR_rolling_game/Content/StarterContent/Textures/T_Water_N.uasset"
[2016.02.11-20.32.12:491][  0]LogPackFactory: Copied "../../../Samples/StarterContent/Content/StarterContent/Textures/T_Wood_Floor_Walnut_D.uasset" to "D:/Projets Epic Games/My_VR_rolling_game/Content/StarterContent/Textures/T_Wood_Floor_Walnut_D.uasset"
[2016.02.11-20.32.12:529][  0]LogPackFactory: Copied "../../../Samples/StarterContent/Content/StarterContent/Textures/T_Wood_Floor_Walnut_M.uasset" to "D:/Projets Epic Games/My_VR_rolling_game/Content/StarterContent/Textures/T_Wood_Floor_Walnut_M.uasset"
[2016.02.11-20.32.12:557][  0]LogPackFactory: Copied "../../../Samples/StarterContent/Content/StarterContent/Textures/T_Wood_Floor_Walnut_N.uasset" to "D:/Projets Epic Games/My_VR_rolling_game/Content/StarterContent/Textures/T_Wood_Floor_Walnut_N.uasset"
[2016.02.11-20.32.12:614][  0]LogPackFactory: Copied "../../../Samples/StarterContent/Content/StarterContent/Textures/T_Wood_Oak_D.uasset" to "D:/Projets Epic Games/My_VR_rolling_game/Content/StarterContent/Textures/T_Wood_Oak_D.uasset"
[2016.02.11-20.32.13:313][  0]LogPackFactory: Copied "../../../Samples/StarterContent/Content/StarterContent/Textures/T_Wood_Oak_N.uasset" to "D:/Projets Epic Games/My_VR_rolling_game/Content/StarterContent/Textures/T_Wood_Oak_N.uasset"
[2016.02.11-20.32.13:899][  0]LogPackFactory: Copied "../../../Samples/StarterContent/Content/StarterContent/Textures/T_Wood_Pine_D.uasset" to "D:/Projets Epic Games/My_VR_rolling_game/Content/StarterContent/Textures/T_Wood_Pine_D.uasset"
[2016.02.11-20.32.14:453][  0]LogPackFactory: Copied "../../../Samples/StarterContent/Content/StarterContent/Textures/T_Wood_Pine_N.uasset" to "D:/Projets Epic Games/My_VR_rolling_game/Content/StarterContent/Textures/T_Wood_Pine_N.uasset"
[2016.02.11-20.32.14:750][  0]LogPackFactory: Copied "../../../Samples/StarterContent/Content/StarterContent/Textures/T_Wood_Walnut_D.uasset" to "D:/Projets Epic Games/My_VR_rolling_game/Content/StarterContent/Textures/T_Wood_Walnut_D.uasset"
[2016.02.11-20.32.14:802][  0]LogPackFactory: Copied "../../../Samples/StarterContent/Content/StarterContent/Textures/T_Wood_Walnut_N.uasset" to "D:/Projets Epic Games/My_VR_rolling_game/Content/StarterContent/Textures/T_Wood_Walnut_N.uasset"
[2016.02.11-20.32.15:057][  0]LogRenderer: Reallocating scene render targets to support 256x256 (Frame:2).
[2016.02.11-20.32.15:130][  0]Cmd: OBJ SAVEPACKAGE PACKAGE="/Game/StarterContent/Architecture/Floor_400x400" FILE="D:/Projets Epic Games/My_VR_rolling_game/Content/StarterContent/Architecture/Floor_400x400.uasset" SILENT=true
[2016.02.11-20.32.15:904][  0]LogSavePackage: Save=721.176819ms
[2016.02.11-20.32.15:904][  0]LogSavePackage: Moving 'D:/Projets Epic Games/My_VR_rolling_game/Saved/Floor_400x40005000491418FD24B5CE1F4BA0998B836.tmp' to 'D:/Projets Epic Games/My_VR_rolling_game/Content/StarterContent/Architecture/Floor_400x400.uasset'
[2016.02.11-20.32.15:906][  0]LogSavePackage: Total save time: 739.976428ms
[2016.02.11-20.32.15:906][  0]LogSavePackage:Display: Finished SavePackage D:/Projets Epic Games/My_VR_rolling_game/Content/StarterContent/Architecture/Floor_400x400.uasset
[2016.02.11-20.32.15:906][  0]LogFeaturePack:Warning: Inserted 1 feature packs
[2016.02.11-20.32.15:907][  0]Cmd: MAP LOAD FILE="D:/Projets Epic Games/My_VR_rolling_game/Content/RollingBP/Maps/RollingBPExampleMap.umap" TEMPLATE=0 SHOWPROGRESS=1 FEATURELEVEL=3
[2016.02.11-20.32.15:910][  0]LightingResults: New page: Lighting Build
[2016.02.11-20.32.15:914][  0]MapCheck: New page: Map Check
[2016.02.11-20.32.15:914][  0]LightingResults: New page: Lighting Build
[2016.02.11-20.32.15:925][  0]LogParticles: Destroying 0 GPU particle simulations for FXSystem 0x000000D9CF02E160
[2016.02.11-20.32.17:463][  0]LogAIModule: Creating AISystem for world RollingBPExampleMap
[2016.02.11-20.32.17:508][  0]LogEditorServer: Finished looking for orphan Actors (0.000 secs)
[2016.02.11-20.32.17:508][  0]Cmd: MAP CHECKDEP NOCLEARLOG
[2016.02.11-20.32.17:562][  0]MapCheck: Info Map check complete: 0 Error(s), 0 Warning(s), took 53.402ms to complete.
[2016.02.11-20.32.17:562][  0]LogFileHelpers: Loading map 'RollingBPExampleMap' took 1.655
[2016.02.11-20.32.17:662][  0]LogCollectionManager: Loaded 0 collections in 0.001946 seconds
[2016.02.11-20.32.17:705][  0]LogFileCache: Scanning file cache for directory 'D:/Projets Epic Games/My_VR_rolling_game/Saved/Collections/' took 0.01s
[2016.02.11-20.32.17:705][  0]LogFileCache: Scanning file cache for directory 'D:/Projets Epic Games/My_VR_rolling_game/Content/Developers/gaeta/Collections/' took 0.01s
[2016.02.11-20.32.17:705][  0]LogFileCache: Scanning file cache for directory 'D:/Projets Epic Games/My_VR_rolling_game/Content/Collections/' took 0.01s
[2016.02.11-20.32.17:705][  0]LogCollectionManager: Rebuilt the GUID cache for 0 collections in 0.000002 seconds
[2016.02.11-20.32.17:711][  0]LogContentBrowser: Native class hierarchy populated in 0.0065 seconds. Added 1893 classes and 338 folders.
[2016.02.11-20.32.17:717][  0]LogContentBrowser: Native class hierarchy updated for 'WidgetCarousel' in 0.0003 seconds. Added 0 classes and 0 folders.
[2016.02.11-20.32.17:811][  0]LogContentBrowser: Native class hierarchy updated for 'AddContentDialog' in 0.0004 seconds. Added 0 classes and 0 folders.
[2016.02.11-20.32.17:816][  0]LogContentBrowser: Native class hierarchy updated for 'SceneOutliner' in 0.0003 seconds. Added 1 classes and 2 folders.
[2016.02.11-20.32.17:849][  0]LogCrashTracker: Crashtracker disabled due to settings.
[2016.02.11-20.32.17:904][  0]LogLoad: Full Startup: 32.58 seconds (BP compile: 0.05 seconds)
[2016.02.11-20.32.17:924][  0]LogOcInput: Can't find Oculus library dev build: is proper Runtime installed? Version: 0.8.0.0
[2016.02.11-20.32.18:053][  0]LogContentStreaming: Texture pool size now 1000 MB
[2016.02.11-20.32.18:381][  0]LogRenderer: Reallocating scene render targets to support 964x488 (Frame:3).
[2016.02.11-20.32.18:837][  3]LogAssetRegistry: Asset discovery search completed in 29.2501 seconds
[2016.02.11-20.32.18:838][  3]LogCollectionManager: Rebuilt the object cache for 0 collections in 0.000001 seconds (found 0 objects)
[2016.02.11-20.32.18:838][  3]LogCollectionManager: Fixed up redirectors for 0 collections in 0.000019 seconds (updated 0 objects)
[2016.02.11-20.32.58:946][408]LogEditorViewport: Clicking on Actor (LMB): TextRenderActor (TemplateLabel)
[2016.02.11-20.33.00:919][511]LogEditorViewport: Clicking on Actor (LMB): StaticMeshActor (Ground)
[2016.02.11-20.53.19:474][739]LogSavePackage: Save=2577.117432ms
[2016.02.11-20.53.19:474][739]LogSavePackage: Moving 'D:/Projets Epic Games/My_VR_rolling_game/Saved/RollingBPExampleMap1AF6A72F4087B4DD52541A8A649E6365.tmp' to 'D:/Projets Epic Games/My_VR_rolling_game/Content/RollingBP/Maps/RollingBPExampleMap.umap'
[2016.02.11-20.53.19:481][739]LogSavePackage: Total save time: 2614.424203ms
[2016.02.11-20.53.19:481][739]LogSavePackage:Display: Finished SavePackage D:/Projets Epic Games/My_VR_rolling_game/Content/RollingBP/Maps/RollingBPExampleMap.umap
[2016.02.11-20.53.49:011][328]LogBlueprintUserMessages: Early PlayInEditor Detection: Level '/Game/RollingBP/Maps/RollingBPExampleMap.RollingBPExampleMap:PersistentLevel' has LevelScriptBlueprint '/Game/RollingBP/Maps/RollingBPExampleMap.RollingBPExampleMap:PersistentLevel.RollingBPExampleMap' with GeneratedClass '/Game/RollingBP/Maps/RollingBPExampleMap.RollingBPExampleMap_C' with ClassGeneratedBy '/Game/RollingBP/Maps/RollingBPExampleMap.RollingBPExampleMap:PersistentLevel.RollingBPExampleMap'
[2016.02.11-20.53.49:011][328]LogPlayLevel: PlayLevel: No blueprints needed recompiling
[2016.02.11-20.53.49:018][328]PIE: New page: PIE session: RollingBPExampleMap (Feb 11, 2016, 10:53:49 PM)
[2016.02.11-20.53.49:037][328]LogPlayLevel: Creating play world package: /Game/RollingBP/Maps/UEDPIE_0_RollingBPExampleMap
[2016.02.11-20.53.49:089][328]LogPlayLevel: PIE: StaticDuplicateObject took: (0.051920s)
[2016.02.11-20.53.49:090][328]LogAIModule: Creating AISystem for world RollingBPExampleMap
[2016.02.11-20.53.49:091][328]LogPlayLevel: PIE: World Init took: (0.001356s)
[2016.02.11-20.53.49:091][328]LogPlayLevel: PIE: Created PIE world by copying editor world from /Game/RollingBP/Maps/RollingBPExampleMap.RollingBPExampleMap to /Game/RollingBP/Maps/UEDPIE_0_RollingBPExampleMap.RollingBPExampleMap (0.067366s)
[2016.02.11-20.53.49:122][328]LogInit: XAudio2 using 'Speakers (Realtek High Definition Audio)' : 8 channels at 48 kHz using 32 bits per sample (channel mask 0x63f)
[2016.02.11-20.53.49:209][328]LogInit: FAudioDevice initialized.
[2016.02.11-20.53.49:388][328]LogWorld: Game class is 'RollingGameMode_C'
[2016.02.11-20.53.49:408][328]LogWorld: Bringing World /Game/RollingBP/Maps/UEDPIE_0_RollingBPExampleMap.RollingBPExampleMap up for play (max tick rate 60) at 2016.02.11-21.53.49
[2016.02.11-20.53.49:408][328]LogActor:Warning: GameSession /Game/RollingBP/Maps/UEDPIE_0_RollingBPExampleMap.RollingBPExampleMap:PersistentLevel.GameSession_0 has natively added scene component(s), but none of them were set as the actor's RootComponent - picking one arbitrarily
[2016.02.11-20.53.49:409][328]LogActor:Warning: GameNetworkManager /Game/RollingBP/Maps/UEDPIE_0_RollingBPExampleMap.RollingBPExampleMap:PersistentLevel.GameNetworkManager_0 has natively added scene component(s), but none of them were set as the actor's RootComponent - picking one arbitrarily
[2016.02.11-20.53.49:431][328]LogWorld: Bringing up level for play took: 0.032145
[2016.02.11-20.53.49:528][328]PIE: Info Play in editor start time for /Game/RollingBP/Maps/UEDPIE_0_RollingBPExampleMap 0.408
[2016.02.11-20.53.49:528][328]LogBlueprintUserMessages: Late PlayInEditor Detection: Level '/Game/RollingBP/Maps/RollingBPExampleMap.RollingBPExampleMap:PersistentLevel' has LevelScriptBlueprint '/Game/RollingBP/Maps/RollingBPExampleMap.RollingBPExampleMap:PersistentLevel.RollingBPExampleMap' with GeneratedClass '/Game/RollingBP/Maps/RollingBPExampleMap.RollingBPExampleMap_C' with ClassGeneratedBy '/Game/RollingBP/Maps/RollingBPExampleMap.RollingBPExampleMap:PersistentLevel.RollingBPExampleMap'
[2016.02.11-20.53.54:708][626]LogBlueprintUserMessages: Early EndPlayMap Detection: Level '/Game/RollingBP/Maps/RollingBPExampleMap.RollingBPExampleMap:PersistentLevel' has LevelScriptBlueprint '/Game/RollingBP/Maps/RollingBPExampleMap.RollingBPExampleMap:PersistentLevel.RollingBPExampleMap' with GeneratedClass '/Game/RollingBP/Maps/RollingBPExampleMap.RollingBPExampleMap_C' with ClassGeneratedBy '/Game/RollingBP/Maps/RollingBPExampleMap.RollingBPExampleMap:PersistentLevel.RollingBPExampleMap'
[2016.02.11-20.53.54:797][626]LogBlueprintUserMessages: Late EndPlayMap Detection: Level '/Game/RollingBP/Maps/RollingBPExampleMap.RollingBPExampleMap:PersistentLevel' has LevelScriptBlueprint '/Game/RollingBP/Maps/RollingBPExampleMap.RollingBPExampleMap:PersistentLevel.RollingBPExampleMap' with GeneratedClass '/Game/RollingBP/Maps/RollingBPExampleMap.RollingBPExampleMap_C' with ClassGeneratedBy '/Game/RollingBP/Maps/RollingBPExampleMap.RollingBPExampleMap:PersistentLevel.RollingBPExampleMap'
[2016.02.11-20.53.54:899][627]LogParticles: Destroying 0 GPU particle simulations for FXSystem 0x000000D9C09F8AE0
[2016.02.11-20.54.38:724][416]LogBlueprintUserMessages: Early PlayInEditor Detection: Level '/Game/RollingBP/Maps/RollingBPExampleMap.RollingBPExampleMap:PersistentLevel' has LevelScriptBlueprint '/Game/RollingBP/Maps/RollingBPExampleMap.RollingBPExampleMap:PersistentLevel.RollingBPExampleMap' with GeneratedClass '/Game/RollingBP/Maps/RollingBPExampleMap.RollingBPExampleMap_C' with ClassGeneratedBy '/Game/RollingBP/Maps/RollingBPExampleMap.RollingBPExampleMap:PersistentLevel.RollingBPExampleMap'
[2016.02.11-20.54.38:724][416]LogPlayLevel: PlayLevel: No blueprints needed recompiling
[2016.02.11-20.54.38:724][416]PIE: New page: PIE session: RollingBPExampleMap (Feb 11, 2016, 10:54:38 PM)
[2016.02.11-20.54.38:724][416]LogPlayLevel: Creating play world package: /Game/RollingBP/Maps/UEDPIE_0_RollingBPExampleMap
[2016.02.11-20.54.38:770][416]LogPlayLevel: PIE: StaticDuplicateObject took: (0.046042s)
[2016.02.11-20.54.38:771][416]LogAIModule: Creating AISystem for world RollingBPExampleMap
[2016.02.11-20.54.38:772][416]LogPlayLevel: PIE: World Init took: (0.001636s)
[2016.02.11-20.54.38:772][416]LogPlayLevel: PIE: Created PIE world by copying editor world from /Game/RollingBP/Maps/RollingBPExampleMap.RollingBPExampleMap to /Game/RollingBP/Maps/UEDPIE_0_RollingBPExampleMap.RollingBPExampleMap (0.048045s)
[2016.02.11-20.54.38:799][416]LogInit: XAudio2 using 'Speakers (Realtek High Definition Audio)' : 8 channels at 48 kHz using 32 bits per sample (channel mask 0x63f)
[2016.02.11-20.54.38:889][416]LogInit: FAudioDevice initialized.
[2016.02.11-20.54.38:924][416]LogWorld: Game class is 'RollingGameMode_C'
[2016.02.11-20.54.38:935][416]LogWorld: Bringing World /Game/RollingBP/Maps/UEDPIE_0_RollingBPExampleMap.RollingBPExampleMap up for play (max tick rate 60) at 2016.02.11-21.54.38
[2016.02.11-20.54.38:936][416]LogActor:Warning: GameSession /Game/RollingBP/Maps/UEDPIE_0_RollingBPExampleMap.RollingBPExampleMap:PersistentLevel.GameSession_1 has natively added scene component(s), but none of them were set as the actor's RootComponent - picking one arbitrarily
[2016.02.11-20.54.38:936][416]LogActor:Warning: GameNetworkManager /Game/RollingBP/Maps/UEDPIE_0_RollingBPExampleMap.RollingBPExampleMap:PersistentLevel.GameNetworkManager_1 has natively added scene component(s), but none of them were set as the actor's RootComponent - picking one arbitrarily
[2016.02.11-20.54.38:936][416]LogWorld: Bringing up level for play took: 0.010326
[2016.02.11-20.54.38:937][416]PIE: Info Play in editor start time for /Game/RollingBP/Maps/UEDPIE_0_RollingBPExampleMap -0.171
[2016.02.11-20.54.38:937][416]LogBlueprintUserMessages: Late PlayInEditor Detection: Level '/Game/RollingBP/Maps/RollingBPExampleMap.RollingBPExampleMap:PersistentLevel' has LevelScriptBlueprint '/Game/RollingBP/Maps/RollingBPExampleMap.RollingBPExampleMap:PersistentLevel.RollingBPExampleMap' with GeneratedClass '/Game/RollingBP/Maps/RollingBPExampleMap.RollingBPExampleMap_C' with ClassGeneratedBy '/Game/RollingBP/Maps/RollingBPExampleMap.RollingBPExampleMap:PersistentLevel.RollingBPExampleMap'
[2016.02.11-20.54.43:032][660]LogBlueprintUserMessages: Early EndPlayMap Detection: Level '/Game/RollingBP/Maps/RollingBPExampleMap.RollingBPExampleMap:PersistentLevel' has LevelScriptBlueprint '/Game/RollingBP/Maps/RollingBPExampleMap.RollingBPExampleMap:PersistentLevel.RollingBPExampleMap' with GeneratedClass '/Game/RollingBP/Maps/RollingBPExampleMap.RollingBPExampleMap_C' with ClassGeneratedBy '/Game/RollingBP/Maps/RollingBPExampleMap.RollingBPExampleMap:PersistentLevel.RollingBPExampleMap'
[2016.02.11-20.54.43:075][660]LogBlueprintUserMessages: Late EndPlayMap Detection: Level '/Game/RollingBP/Maps/RollingBPExampleMap.RollingBPExampleMap:PersistentLevel' has LevelScriptBlueprint '/Game/RollingBP/Maps/RollingBPExampleMap.RollingBPExampleMap:PersistentLevel.RollingBPExampleMap' with GeneratedClass '/Game/RollingBP/Maps/RollingBPExampleMap.RollingBPExampleMap_C' with ClassGeneratedBy '/Game/RollingBP/Maps/RollingBPExampleMap.RollingBPExampleMap:Persiste